24-05-14 17:59:15 Elapsed Length  Execution trace by 'Common VBA Execution Trace Service (mTrc)' (https://github.com/warbe-maker/VBA-Trace)
24-05-14 17:59:15 seconds seconds >> Export Changed Components (by Add-in) for Log.xlsb
24-05-14 17:59:15 00,0000         |  >> mCompMan.UpdateOutdatedCommonComponents
24-05-14 17:59:15 00,0058         |  |  >> clsServices.Initiate
24-05-14 17:59:15 00,0103         |  |  |  >> clsCompManDat.Class_Initialize
24-05-14 17:59:15 00,0120         |  |  |  |  >> clsPrivProf.FileName-Let
24-05-14 17:59:15 00,0134         |  |  |  |  |  >> clsPrivProf.PPfileAsPPtwin (E:\Sync\Excel VBA\DevAndTest\Log\CompMan.dat)
24-05-14 17:59:15 00,0168 00,0035 |  |  |  |  |  << clsPrivProf.PPfileAsPPtwin (E:\Sync\Excel VBA\DevAndTest\Log\CompMan.dat)
24-05-14 17:59:15 00,0259 00,0139 |  |  |  |  << clsPrivProf.FileName-Let
24-05-14 17:59:15 00,0273         |  |  |  |  >> clsPrivProf.FileName-Let
24-05-14 17:59:15 00,0287         |  |  |  |  |  >> clsPrivProf.PPfileAsPPtwin (E:\Sync\Excel VBA\DevAndTest\Log\CompMan.dat)
24-05-14 17:59:15 00,0323 00,0036 |  |  |  |  |  << clsPrivProf.PPfileAsPPtwin (E:\Sync\Excel VBA\DevAndTest\Log\CompMan.dat)
24-05-14 17:59:15 00,0411 00,0139 |  |  |  |  << clsPrivProf.FileName-Let
24-05-14 17:59:15 00,0691 00,0587 |  |  |  << clsCompManDat.Class_Initialize
24-05-14 17:59:15 00,0710         |  |  |  >> clsCommComps.Class_Initialize
24-05-14 17:59:15 00,0727         |  |  |  |  >> clsPrivProf.FileName-Let
24-05-14 17:59:15 00,0824         |  |  |  |  |  >> clsPrivProf.PPfileAsPPtwin (E:\Sync\Excel VBA\DevAndTest\Common-Components\CommComps.dat)
24-05-14 17:59:15 00,0963 00,0139 |  |  |  |  |  << clsPrivProf.PPfileAsPPtwin (E:\Sync\Excel VBA\DevAndTest\Common-Components\CommComps.dat)
24-05-14 17:59:15 00,1259 00,0532 |  |  |  |  << clsPrivProf.FileName-Let
24-05-14 17:59:15 00,1274         |  |  |  |  >> clsPrivProf.FileName-Let
24-05-14 17:59:15 00,1329         |  |  |  |  |  >> clsPrivProf.PPfileAsPPtwin (E:\Sync\Excel VBA\DevAndTest\Common-Components\CommComps.dat)
24-05-14 17:59:15 00,1478 00,0149 |  |  |  |  |  << clsPrivProf.PPfileAsPPtwin (E:\Sync\Excel VBA\DevAndTest\Common-Components\CommComps.dat)
24-05-14 17:59:15 00,1972 00,0697 |  |  |  |  << clsPrivProf.FileName-Let
24-05-14 17:59:15 00,2073 00,1363 |  |  |  << clsCommComps.Class_Initialize
24-05-14 17:59:15 00,2116         |  |  |  >> clsCommComps.Hskpng
24-05-14 17:59:16 00,2335         |  |  |  |  >> clsCommComps.HskpngSectionsObsolete
24-05-14 17:59:16 00,2669 00,0334 |  |  |  |  << clsCommComps.HskpngSectionsObsolete
24-05-14 17:59:16 00,2685         |  |  |  |  >> clsCommComps.HskpngSectionsMissing
24-05-14 17:59:16 00,4905 00,2220 |  |  |  |  << clsCommComps.HskpngSectionsMissing
24-05-14 17:59:16 00,4921         |  |  |  |  >> clsCommComps.HskpngUsedOrPrivate
24-05-14 17:59:16 00,5850         |  |  |  |  |  >> clsPrivProf.PPfileAsPPtwin (E:\Sync\Excel VBA\DevAndTest\Log\CompMan.dat)
24-05-14 17:59:16 00,5897 00,0047 |  |  |  |  |  << clsPrivProf.PPfileAsPPtwin (E:\Sync\Excel VBA\DevAndTest\Log\CompMan.dat)
24-05-14 17:59:16 00,9623 00,4702 |  |  |  |  << clsCommComps.HskpngUsedOrPrivate
24-05-14 17:59:16 00,9638         |  |  |  |  >> clsCommComps.HskpngHosted
24-05-14 17:59:16 01,1231 00,1593 |  |  |  |  << clsCommComps.HskpngHosted
24-05-14 17:59:16 01,1243         |  |  |  |  >> clsCommComps.Reorg
24-05-14 17:59:16 01,1249         |  |  |  |  |  >> clsPrivProf.FileName-Let
24-05-14 17:59:16 01,1341 00,0092 |  |  |  |  |  << clsPrivProf.FileName-Let
24-05-14 17:59:16 01,1346 00,0103 |  |  |  |  << clsCommComps.Reorg
24-05-14 17:59:16 01,1351 00,9235 |  |  |  << clsCommComps.Hskpng
24-05-14 17:59:16 01,1375         |  |  |  >> clsComps.CollectAllCommComps
24-05-14 17:59:17 01,5348 00,3974 |  |  |  << clsComps.CollectAllCommComps
24-05-14 17:59:17 01,5461 01,5403 |  |  << clsServices.Initiate
24-05-14 17:59:17 01,5478         |  |  >> mCommComps.OutdatedUpdate1Collect
24-05-14 17:59:17 01,5518         |  |  |  >> clsComp.Outdated
24-05-14 17:59:17 01,5869 00,0351 |  |  |  << clsComp.Outdated
24-05-14 17:59:17 01,6400         |  |  |  >> clsComp.Outdated
24-05-14 17:59:17 01,7243 00,0843 |  |  |  << clsComp.Outdated
24-05-14 17:59:17 01,7338         |  |  |  >> clsComp.Outdated
24-05-14 17:59:17 01,7545 00,0207 |  |  |  << clsComp.Outdated
24-05-14 17:59:17 01,7603         |  |  |  >> clsComp.Outdated
24-05-14 17:59:17 01,7736 00,0133 |  |  |  << clsComp.Outdated
24-05-14 17:59:17 01,7820         |  |  |  >> clsComp.Outdated
24-05-14 17:59:17 01,8152 00,0333 |  |  |  << clsComp.Outdated
24-05-14 17:59:17 01,8184         |  |  |  >> clsComp.Outdated
24-05-14 17:59:17 01,8464 00,0281 |  |  |  << clsComp.Outdated
24-05-14 17:59:17 01,8488         |  |  |  >> clsCommComps.PendingReleases
24-05-14 17:59:17 01,8492         |  |  |  |  >> clsCommComps.Components
24-05-14 17:59:17 01,8539         |  |  |  |  |  >> clsPrivProf.PPfileAsPPtwin (E:\Sync\Excel VBA\DevAndTest\Common-Components\CommComps.dat)
24-05-14 17:59:17 01,8684 00,0145 |  |  |  |  |  << clsPrivProf.PPfileAsPPtwin (E:\Sync\Excel VBA\DevAndTest\Common-Components\CommComps.dat)
24-05-14 17:59:17 01,9093 00,0601 |  |  |  |  << clsCommComps.Components
24-05-14 17:59:17 02,0361 00,1873 |  |  |  << clsCommComps.PendingReleases
24-05-14 17:59:17 02,0371         |  |  |  >> clsCommComps.PendingReleases
24-05-14 17:59:17 02,0374         |  |  |  |  >> clsCommComps.Components
24-05-14 17:59:17 02,0398 00,0024 |  |  |  |  << clsCommComps.Components
24-05-14 17:59:17 02,1472 00,1101 |  |  |  << clsCommComps.PendingReleases
24-05-14 17:59:17 02,1509 00,6030 |  |  << mCommComps.OutdatedUpdate1Collect
24-05-14 17:59:19 02,3179 02,3179 |  << mCompMan.UpdateOutdatedCommonComponents
24-05-14 17:59:19 02,3179 02,3179 << Export Changed Components (by Add-in) for Log.xlsb
24-05-14 17:59:19                 Execution trace by 'Common VBA Execution Trace Service (mTrc)' (https://github.com/warbe-maker/VBA-Trace)
24-05-14 17:59:19                 Impact on the overall performance (caused by the trace itself): 0,5 milliseconds!
===========================================================================================================================================
24-05-14 17:59:31 Elapsed Length  Execution trace by 'Common VBA Execution Trace Service (mTrc)' (https://github.com/warbe-maker/VBA-Trace)
24-05-14 17:59:31 seconds seconds >> Export Changed Components (by Add-in) for Log.xlsb
24-05-14 17:59:31 00,0000         |  >> mCommComps.OutdatedUpdate2Choice2DsplyDiffs
24-05-14 17:59:58 26,8525 26,8525 |  << mCommComps.OutdatedUpdate2Choice2DsplyDiffs
24-05-14 17:59:58 26,8525 26,8525 << Export Changed Components (by Add-in) for Log.xlsb
24-05-14 17:59:58                 Execution trace by 'Common VBA Execution Trace Service (mTrc)' (https://github.com/warbe-maker/VBA-Trace)
24-05-14 17:59:58                 Impact on the overall performance (caused by the trace itself): 1,3 milliseconds!
===========================================================================================================================================
24-05-14 18:00:00 Elapsed Length  Execution trace by 'Common VBA Execution Trace Service (mTrc)' (https://github.com/warbe-maker/VBA-Trace)
24-05-14 18:00:00 seconds seconds >> Export Changed Components (by Add-in) for Log.xlsb
24-05-14 18:00:00 00,0000         |  >> mCommComps.OutdatedUpdate2Choice1Update
24-05-14 18:00:00 00,0495         |  |  >> mMe.ByReImport
24-05-14 18:00:01 00,8224         |  |  |  >> mMe.OutCommentCode
24-05-14 18:00:01 01,0103 00,1878 |  |  |  << mMe.OutCommentCode
24-05-14 18:00:02 01,1433 01,0937 |  |  << mMe.ByReImport
24-05-14 18:00:03 01,4628 01,4628 |  << mCommComps.OutdatedUpdate2Choice1Update
24-05-14 18:00:03 01,4628 01,4628 << Export Changed Components (by Add-in) for Log.xlsb
24-05-14 18:00:03                 Execution trace by 'Common VBA Execution Trace Service (mTrc)' (https://github.com/warbe-maker/VBA-Trace)
24-05-14 18:00:03                 Impact on the overall performance (caused by the trace itself): 0,5 milliseconds!
===========================================================================================================================================
24-05-14 18:00:05 Elapsed Length  Execution trace by 'Common VBA Execution Trace Service (mTrc)' (https://github.com/warbe-maker/VBA-Trace)
24-05-14 18:00:05 seconds seconds >> Export Changed Components (by Add-in) for Log.xlsb
24-05-14 18:00:05 00,0000         |  >> mCommComps.OutdatedUpdate2Choice1Update
24-05-14 18:00:05 00,0442         |  |  >> mMe.ByReImport
24-05-14 18:00:05 00,4171         |  |  |  >> mMe.OutCommentCode
24-05-14 18:00:05 00,6359 00,2187 |  |  |  << mMe.OutCommentCode
24-05-14 18:00:06 00,8364 00,7922 |  |  << mMe.ByReImport
24-05-14 18:00:07 01,2583 01,2583 |  << mCommComps.OutdatedUpdate2Choice1Update
24-05-14 18:00:07 01,2583 01,2583 << Export Changed Components (by Add-in) for Log.xlsb
24-05-14 18:00:07                 Execution trace by 'Common VBA Execution Trace Service (mTrc)' (https://github.com/warbe-maker/VBA-Trace)
24-05-14 18:00:07                 Impact on the overall performance (caused by the trace itself): 0,5 milliseconds!
===========================================================================================================================================
24-05-14 18:00:09 Elapsed Length  Execution trace by 'Common VBA Execution Trace Service (mTrc)' (https://github.com/warbe-maker/VBA-Trace)
24-05-14 18:00:09 seconds seconds >> Export Changed Components (by Add-in) for Log.xlsb
24-05-14 18:00:09 00,0000         |  >> mCommComps.OutdatedUpdate2Choice1Update
24-05-14 18:00:09 00,0221         |  |  >> mMe.ByReImport
24-05-14 18:00:09 00,3714         |  |  |  >> mMe.OutCommentCode
24-05-14 18:00:09 00,4814 00,1100 |  |  |  << mMe.OutCommentCode
24-05-14 18:00:09 00,6324 00,6102 |  |  << mMe.ByReImport
24-05-14 18:00:10 00,7272 00,7272 |  << mCommComps.OutdatedUpdate2Choice1Update
24-05-14 18:00:10 00,7272 00,7272 << Export Changed Components (by Add-in) for Log.xlsb
24-05-14 18:00:10                 Execution trace by 'Common VBA Execution Trace Service (mTrc)' (https://github.com/warbe-maker/VBA-Trace)
24-05-14 18:00:10                 Impact on the overall performance (caused by the trace itself): 0,4 milliseconds!
===========================================================================================================================================
24-05-14 18:01:39 Elapsed Length  Execution trace by 'Common VBA Execution Trace Service (mTrc)' (https://github.com/warbe-maker/VBA-Trace)
24-05-14 18:01:39 seconds seconds >> Update Outdated Common Components (by Add-in) for Log.xlsb
24-05-14 18:01:39 00,0000         |  >> mCompMan.ExportChangedComponents
24-05-14 18:01:39 00,0008         |  |  >> clsServices.Initiate
24-05-14 18:01:39 00,0027         |  |  |  >> clsCompManDat.Class_Initialize
24-05-14 18:01:39 00,0048         |  |  |  |  >> clsPrivProf.FileName-Let
24-05-14 18:01:39 00,0063         |  |  |  |  |  >> clsPrivProf.PPfileAsPPtwin (E:\Sync\Excel VBA\DevAndTest\Log\CompMan.dat)
24-05-14 18:01:39 00,0103 00,0041 |  |  |  |  |  << clsPrivProf.PPfileAsPPtwin (E:\Sync\Excel VBA\DevAndTest\Log\CompMan.dat)
24-05-14 18:01:39 00,0166 00,0118 |  |  |  |  << clsPrivProf.FileName-Let
24-05-14 18:01:39 00,0176         |  |  |  |  >> clsPrivProf.FileName-Let
24-05-14 18:01:39 00,0193         |  |  |  |  |  >> clsPrivProf.PPfileAsPPtwin (E:\Sync\Excel VBA\DevAndTest\Log\CompMan.dat)
24-05-14 18:01:39 00,0229 00,0036 |  |  |  |  |  << clsPrivProf.PPfileAsPPtwin (E:\Sync\Excel VBA\DevAndTest\Log\CompMan.dat)
24-05-14 18:01:39 00,0280 00,0104 |  |  |  |  << clsPrivProf.FileName-Let
24-05-14 18:01:39 00,0300 00,0272 |  |  |  << clsCompManDat.Class_Initialize
24-05-14 18:01:39 00,0304         |  |  |  >> clsCommComps.Class_Initialize
24-05-14 18:01:39 00,0313         |  |  |  |  >> clsPrivProf.FileName-Let
24-05-14 18:01:39 00,0336         |  |  |  |  |  >> clsPrivProf.PPfileAsPPtwin (E:\Sync\Excel VBA\DevAndTest\Common-Components\CommComps.dat)
24-05-14 18:01:39 00,0392 00,0056 |  |  |  |  |  << clsPrivProf.PPfileAsPPtwin (E:\Sync\Excel VBA\DevAndTest\Common-Components\CommComps.dat)
24-05-14 18:01:39 00,0572 00,0259 |  |  |  |  << clsPrivProf.FileName-Let
24-05-14 18:01:39 00,0581         |  |  |  |  >> clsPrivProf.FileName-Let
24-05-14 18:01:39 00,0602         |  |  |  |  |  >> clsPrivProf.PPfileAsPPtwin (E:\Sync\Excel VBA\DevAndTest\Common-Components\CommComps.dat)
24-05-14 18:01:39 00,0666 00,0064 |  |  |  |  |  << clsPrivProf.PPfileAsPPtwin (E:\Sync\Excel VBA\DevAndTest\Common-Components\CommComps.dat)
24-05-14 18:01:39 00,0807 00,0226 |  |  |  |  << clsPrivProf.FileName-Let
24-05-14 18:01:39 00,0867 00,0563 |  |  |  << clsCommComps.Class_Initialize
24-05-14 18:01:39 00,0875         |  |  |  >> clsCommComps.Hskpng
24-05-14 18:01:39 00,1006         |  |  |  |  >> clsCommComps.HskpngSectionsObsolete
24-05-14 18:01:39 00,1207 00,0201 |  |  |  |  << clsCommComps.HskpngSectionsObsolete
24-05-14 18:01:39 00,1211         |  |  |  |  >> clsCommComps.HskpngSectionsMissing
24-05-14 18:01:39 00,2271 00,1061 |  |  |  |  << clsCommComps.HskpngSectionsMissing
24-05-14 18:01:39 00,2276         |  |  |  |  >> clsCommComps.HskpngUsedOrPrivate
24-05-14 18:01:40 00,3716 00,1440 |  |  |  |  << clsCommComps.HskpngUsedOrPrivate
24-05-14 18:01:40 00,3720         |  |  |  |  >> clsCommComps.HskpngHosted
24-05-14 18:01:40 00,4235 00,0516 |  |  |  |  << clsCommComps.HskpngHosted
24-05-14 18:01:40 00,4239         |  |  |  |  >> clsCommComps.Reorg
24-05-14 18:01:40 00,4241         |  |  |  |  |  >> clsPrivProf.FileName-Let
24-05-14 18:01:40 00,4274         |  |  |  |  |  |  >> clsPrivProf.PPfileAsPPtwin (E:\Sync\Excel VBA\DevAndTest\Common-Components\CommComps.dat)
24-05-14 18:01:40 00,4337 00,0063 |  |  |  |  |  |  << clsPrivProf.PPfileAsPPtwin (E:\Sync\Excel VBA\DevAndTest\Common-Components\CommComps.dat)
24-05-14 18:01:40 00,4492 00,0251 |  |  |  |  |  << clsPrivProf.FileName-Let
24-05-14 18:01:40 00,4495 00,0256 |  |  |  |  << clsCommComps.Reorg
24-05-14 18:01:40 00,4498 00,3623 |  |  |  << clsCommComps.Hskpng
24-05-14 18:01:40 00,4522 00,4514 |  |  << clsServices.Initiate
24-05-14 18:01:40 00,5516         |  |  >> clsServices.ExportChangedComponents
24-05-14 18:01:40 00,5524         |  |  |  >> mExport.ChangedComponents
24-05-14 18:01:40 01,1995         |  |  |  |  >> clsServices.RemoveTempRenamed
24-05-14 18:01:40 01,2001 00,0006 |  |  |  |  << clsServices.RemoveTempRenamed
24-05-14 18:01:40 01,2021         |  |  |  |  >> clsCommComps.PendingReleases
24-05-14 18:01:40 01,2026         |  |  |  |  |  >> clsCommComps.Components
24-05-14 18:01:40 01,2074         |  |  |  |  |  |  >> clsPrivProf.PPfileAsPPtwin (E:\Sync\Excel VBA\DevAndTest\Common-Components\CommComps.dat)
24-05-14 18:01:40 01,2239 00,0165 |  |  |  |  |  |  << clsPrivProf.PPfileAsPPtwin (E:\Sync\Excel VBA\DevAndTest\Common-Components\CommComps.dat)
24-05-14 18:01:40 01,2553 00,0526 |  |  |  |  |  << clsCommComps.Components
24-05-14 18:01:41 01,4104 00,2083 |  |  |  |  << clsCommComps.PendingReleases
24-05-14 18:01:41 01,4113         |  |  |  |  >> clsCommComps.PendingReleases
24-05-14 18:01:41 01,4118         |  |  |  |  |  >> clsCommComps.Components
24-05-14 18:01:41 01,4164 00,0046 |  |  |  |  |  << clsCommComps.Components
24-05-14 18:01:41 01,5693 00,1579 |  |  |  |  << clsCommComps.PendingReleases
24-05-14 18:01:41 01,5713 01,0189 |  |  |  << mExport.ChangedComponents
24-05-14 18:01:41 01,5719 01,0203 |  |  << clsServices.ExportChangedComponents
24-05-14 18:01:41 01,5724 01,5724 |  << mCompMan.ExportChangedComponents
24-05-14 18:01:41 01,5724 01,5724 << Update Outdated Common Components (by Add-in) for Log.xlsb
24-05-14 18:01:41                 Execution trace by 'Common VBA Execution Trace Service (mTrc)' (https://github.com/warbe-maker/VBA-Trace)
24-05-14 18:01:41                 Impact on the overall performance (caused by the trace itself): 0,4 milliseconds!
===========================================================================================================================================
24-05-14 18:01:45 Elapsed Length  Execution trace by 'Common VBA Execution Trace Service (mTrc)' (https://github.com/warbe-maker/VBA-Trace)
24-05-14 18:01:45 seconds seconds >> Update Outdated Common Components (by Add-in) for Log.xlsb
24-05-14 18:01:45 00,0000         |  >> clsCommComps.Class_Initialize
24-05-14 18:01:45 00,0019         |  |  >> clsPrivProf.FileName-Let
24-05-14 18:01:45 00,0045         |  |  |  >> clsPrivProf.PPfileAsPPtwin (E:\Sync\Excel VBA\DevAndTest\Common-Components\CommComps.dat)
24-05-14 18:01:45 00,0116 00,0071 |  |  |  << clsPrivProf.PPfileAsPPtwin (E:\Sync\Excel VBA\DevAndTest\Common-Components\CommComps.dat)
24-05-14 18:01:45 00,0303 00,0283 |  |  << clsPrivProf.FileName-Let
24-05-14 18:01:45 00,0311         |  |  >> clsPrivProf.FileName-Let
24-05-14 18:01:45 00,0331         |  |  |  >> clsPrivProf.PPfileAsPPtwin (E:\Sync\Excel VBA\DevAndTest\Common-Components\CommComps.dat)
24-05-14 18:01:45 00,0399 00,0068 |  |  |  << clsPrivProf.PPfileAsPPtwin (E:\Sync\Excel VBA\DevAndTest\Common-Components\CommComps.dat)
24-05-14 18:01:45 00,0537 00,0226 |  |  << clsPrivProf.FileName-Let
24-05-14 18:01:45 00,0583 00,0583 |  << clsCommComps.Class_Initialize
24-05-14 18:01:45 00,0583 00,0583 << Update Outdated Common Components (by Add-in) for Log.xlsb
24-05-14 18:01:45                 Execution trace by 'Common VBA Execution Trace Service (mTrc)' (https://github.com/warbe-maker/VBA-Trace)
24-05-14 18:01:45                 Impact on the overall performance (caused by the trace itself): 0,2 milliseconds!
===========================================================================================================================================
24-05-14 18:01:45 Elapsed Length  Execution trace by 'Common VBA Execution Trace Service (mTrc)' (https://github.com/warbe-maker/VBA-Trace)
24-05-14 18:01:45 seconds seconds >> Update Outdated Common Components (by Add-in) for Log.xlsb
24-05-14 18:01:45 00,0000         |  >> clsCommComps.PendingReleases
24-05-14 18:01:45 00,0008         |  |  >> clsCommComps.Components
24-05-14 18:01:45 00,0028 00,0020 |  |  << clsCommComps.Components
24-05-14 18:01:45 00,0725 00,0725 |  << clsCommComps.PendingReleases
24-05-14 18:01:45 00,0725 00,0725 << Update Outdated Common Components (by Add-in) for Log.xlsb
24-05-14 18:01:45                 Execution trace by 'Common VBA Execution Trace Service (mTrc)' (https://github.com/warbe-maker/VBA-Trace)
24-05-14 18:01:45                 Impact on the overall performance (caused by the trace itself): 0,2 milliseconds!
===========================================================================================================================================
24-05-14 18:01:48 Elapsed Length  Execution trace by 'Common VBA Execution Trace Service (mTrc)' (https://github.com/warbe-maker/VBA-Trace)
24-05-14 18:01:48 seconds seconds >> Update Outdated Common Components (by Add-in) for Log.xlsb
24-05-14 18:01:48 00,0000         |  >> clsCommComps.SaveToCommonComponentsFolder
24-05-14 18:01:48 00,0037 00,0037 |  << clsCommComps.SaveToCommonComponentsFolder
24-05-14 18:01:48 00,0037 00,0037 << Update Outdated Common Components (by Add-in) for Log.xlsb
24-05-14 18:01:48                 Execution trace by 'Common VBA Execution Trace Service (mTrc)' (https://github.com/warbe-maker/VBA-Trace)
24-05-14 18:01:48                 Impact on the overall performance (caused by the trace itself): 1,2 milliseconds!
===========================================================================================================================================
24-05-14 18:01:48 Elapsed Length  Execution trace by 'Common VBA Execution Trace Service (mTrc)' (https://github.com/warbe-maker/VBA-Trace)
24-05-14 18:01:48 seconds seconds >> Update Outdated Common Components (by Add-in) for Log.xlsb
24-05-14 18:01:48 00,0000         |  >> clsPrivProf.PPfileAsPPtwin (E:\Sync\Excel VBA\DevAndTest\Common-Components\CommComps.dat)
24-05-14 18:01:48 00,0157 00,0157 |  << clsPrivProf.PPfileAsPPtwin (E:\Sync\Excel VBA\DevAndTest\Common-Components\CommComps.dat)
24-05-14 18:01:48 00,0157 00,0157 << Update Outdated Common Components (by Add-in) for Log.xlsb
24-05-14 18:01:48                 Execution trace by 'Common VBA Execution Trace Service (mTrc)' (https://github.com/warbe-maker/VBA-Trace)
24-05-14 18:01:48                 Impact on the overall performance (caused by the trace itself): 1,6 milliseconds!
===========================================================================================================================================
24-05-14 18:01:48 Elapsed Length  Execution trace by 'Common VBA Execution Trace Service (mTrc)' (https://github.com/warbe-maker/VBA-Trace)
24-05-14 18:01:48 seconds seconds >> Update Outdated Common Components (by Add-in) for Log.xlsb
24-05-14 18:01:48 00,0000         |  >> clsCommComps.PendingReleases
24-05-14 18:01:48 00,0010         |  |  >> clsCommComps.Components
24-05-14 18:01:48 00,0030 00,0021 |  |  << clsCommComps.Components
24-05-14 18:01:48 00,0051         |  |  >> clsPrivProf.PPfileAsPPtwin (E:\Sync\Excel VBA\DevAndTest\Common-Components\CommComps.dat)
24-05-14 18:01:48 00,0105 00,0054 |  |  << clsPrivProf.PPfileAsPPtwin (E:\Sync\Excel VBA\DevAndTest\Common-Components\CommComps.dat)
24-05-14 18:01:48 00,0769 00,0769 |  << clsCommComps.PendingReleases
24-05-14 18:01:48 00,0769 00,0769 << Update Outdated Common Components (by Add-in) for Log.xlsb
24-05-14 18:01:48                 Execution trace by 'Common VBA Execution Trace Service (mTrc)' (https://github.com/warbe-maker/VBA-Trace)
24-05-14 18:01:48                 Impact on the overall performance (caused by the trace itself): 0,3 milliseconds!
