23-06-03-16:16:11  Update Outdated Common Components (by Add-in) for VBALogService.xlsb 
23-06-03-16:16:11 --------------------------------------------------------------------
23-06-03-16:16:11  Standard-Module mCompManClient Common Component up-to-date
23-06-03-16:16:15  UserForm        fMsg           Common Component up-to-date
23-06-03-16:16:15  Standard-Module mErH           Common Component up-to-date
23-06-03-16:16:15  Standard-Module mMsg           Common Component up-to-date
23-06-03-16:16:15  Standard-Module mTrc           Common Component up-to-date
23-06-03-16:40:25 ============================================================================
23-06-03-16:40:25         Export Changed Components (by Add-in) for VBALogService.xlsb        
23-06-03-16:40:25 ----------------------------------------------------------------------------
23-06-03-16:40:25  Class-Module    clsLog .........: Hosted Raw Common Component code modified
23-06-03-16:40:25  Class-Module    clsLog .........: Code modified of Hosted Raw Common Component
23-06-03-16:40:25  Class-Module    clsLog .........: Exported, Revision Number increased, Export File copied to 'Common Components Folder'
23-06-03-16:40:25  UserForm        fMsg ...........: Unchanged used Common Component
23-06-03-16:40:25  Standard-Module mCompManClient .: Unchanged used Common Component
23-06-03-16:40:25  Standard-Module mErH ...........: Unchanged used Common Component
23-06-03-16:40:25  Standard-Module mLogExamples ...: Unchanged local component
23-06-03-16:40:25  Standard-Module mLogTest .......: Modified code exported
23-06-03-16:40:25  Standard-Module mMsg ...........: Unchanged used Common Component
23-06-03-16:40:25  Standard-Module mTrc ...........: Unchanged used Common Component
23-06-03-16:40:25  Workbook        wbServiceLog ...: Unchanged local component
23-06-03-16:40:25  Worksheet       wsServiceLog ...: Unchanged local component
23-06-03-16:43:30 ==================================================================
23-06-03-16:43:30    Export Changed Components (by Add-in) for VBALogService.xlsb   
23-06-03-16:43:30 ------------------------------------------------------------------
23-06-03-16:43:30  UserForm        fMsg ...........: Unchanged used Common Component
23-06-03-16:43:30  Standard-Module mCompManClient .: Unchanged used Common Component
23-06-03-16:43:30  Standard-Module mErH ...........: Unchanged used Common Component
23-06-03-16:43:30  Standard-Module mLogExamples ...: Unchanged local component
23-06-03-16:43:30  Standard-Module mLogTest .......: Modified code exported
23-06-03-16:43:30  Standard-Module mMsg ...........: Unchanged used Common Component
23-06-03-16:43:30  Standard-Module mTrc ...........: Unchanged used Common Component
23-06-03-16:43:30  Workbook        wbServiceLog ...: Unchanged local component
23-06-03-16:43:30  Worksheet       wsServiceLog ...: Unchanged local component
