              Export Changed Components (by Add-in) for Log.xlsb             
 ----------------------------------------------------------------------------
  Class-Module    clsLog .........: Hosted Raw Common Component code modified
                                       Code modified of Hosted Raw Common Component
                                       Exported, Revision Number increased, Export File copied to 'Common Components Folder'
  UserForm        fMsg ...........: Unchanged used Common Component
  Standard-Module mCompManClient .: Unchanged used Common Component
  Standard-Module mErH ...........: Unchanged used Common Component
  Standard-Module mLogExamples ...: Unchanged local component
  Standard-Module mLogTest .......: Modified code exported
  Standard-Module mMsg ...........: Unchanged used Common Component
  Standard-Module mTrc ...........: Unchanged used Common Component
  Workbook        wbServiceLog ...: Unchanged local component
  Worksheet       wsServiceLog ...: Unchanged local component
 ============================================================================
              Export Changed Components (by Add-in) for Log.xlsb             
 ----------------------------------------------------------------------------
  Class-Module    clsLog .........: Hosted Raw Common Component code modified
                                       Code modified of Hosted Raw Common Component
                                       Exported, Revision Number increased, Export File copied to 'Common Components Folder'
  UserForm        fMsg ...........: Unchanged used Common Component
  Standard-Module mCompManClient .: Unchanged used Common Component
  Standard-Module mErH ...........: Unchanged used Common Component
  Standard-Module mLogExamples ...: Unchanged local component
  Standard-Module mLogTest .......: Unchanged local component
  Standard-Module mMsg ...........: Unchanged used Common Component
  Standard-Module mTrc ...........: Unchanged used Common Component
  Workbook        wbServiceLog ...: Unchanged local component
  Worksheet       wsServiceLog ...: Unchanged local component
 ============================================================================
              Export Changed Components (by Add-in) for Log.xlsb             
 ----------------------------------------------------------------------------
  Class-Module    clsLog .........: Hosted Raw Common Component code modified
                                       Code modified of Hosted Raw Common Component
                                       Exported, Revision Number increased, Export File copied to 'Common Components Folder'
  UserForm        fMsg ...........: Unchanged used Common Component
  Standard-Module mCompManClient .: Unchanged used Common Component
  Standard-Module mErH ...........: Unchanged used Common Component
  Standard-Module mLogExamples ...: Unchanged local component
  Standard-Module mLogTest .......: Unchanged local component
  Standard-Module mMsg ...........: Unchanged used Common Component
  Standard-Module mTrc ...........: Unchanged used Common Component
  Workbook        wbServiceLog ...: Unchanged local component
  Worksheet       wsServiceLog ...: Unchanged local component
 ============================================================================
              Export Changed Components (by Add-in) for Log.xlsb             
 ----------------------------------------------------------------------------
  Class-Module    clsLog .........: Hosted Raw Common Component code modified
                                       Code modified of Hosted Raw Common Component
                                       Exported, Revision Number increased, Export File copied to 'Common Components Folder'
  UserForm        fMsg ...........: Unchanged used Common Component
  Standard-Module mCompManClient .: Unchanged used Common Component
  Standard-Module mErH ...........: Unchanged used Common Component
  Standard-Module mLogExamples ...: Unchanged local component
  Standard-Module mLogTest .......: Unchanged local component
  Standard-Module mMsg ...........: Unchanged used Common Component
  Standard-Module mTrc ...........: Unchanged used Common Component
  Workbook        wbServiceLog ...: Unchanged local component
  Worksheet       wsServiceLog ...: Unchanged local component
 ============================================================================
              Export Changed Components (by Add-in) for Log.xlsb             
 ----------------------------------------------------------------------------
  Class-Module    clsLog .........: Hosted Raw Common Component code modified
                                       Code modified of Hosted Raw Common Component
                                       Exported, Revision Number increased, Export File copied to 'Common Components Folder'
  UserForm        fMsg ...........: Unchanged used Common Component
  Standard-Module mCompManClient .: Unchanged used Common Component
  Standard-Module mErH ...........: Unchanged used Common Component
  Standard-Module mLogExamples ...: Unchanged local component
  Standard-Module mLogTest .......: Unchanged local component
  Standard-Module mMsg ...........: Unchanged used Common Component
  Standard-Module mTrc ...........: Unchanged used Common Component
  Workbook        wbServiceLog ...: Unchanged local component
  Worksheet       wsServiceLog ...: Unchanged local component
 ==================================================================
         Export Changed Components (by Add-in) for Log.xlsb        
 ------------------------------------------------------------------
  UserForm        fMsg ...........: Unchanged used Common Component
  Standard-Module mCompManClient .: Unchanged used Common Component
  Standard-Module mErH ...........: Unchanged used Common Component
  Standard-Module mLogExamples ...: Unchanged local component
  Standard-Module mLogTest .......: Unchanged local component
  Standard-Module mMsg ...........: Unchanged used Common Component
  Standard-Module mTrc ...........: Unchanged used Common Component
  Workbook        wbServiceLog ...: Unchanged local component
  Worksheet       wsServiceLog ...: Unchanged local component
 ==================================================================
         Export Changed Components (by Add-in) for Log.xlsb        
 ------------------------------------------------------------------
  UserForm        fMsg ...........: Unchanged used Common Component
  Standard-Module mCompManClient .: Unchanged used Common Component
  Standard-Module mErH ...........: Unchanged used Common Component
  Standard-Module mLogExamples ...: Unchanged local component
  Standard-Module mLogTest .......: Unchanged local component
  Standard-Module mMsg ...........: Unchanged used Common Component
  Standard-Module mTrc ...........: Unchanged used Common Component
  Workbook        wbServiceLog ...: Unchanged local component
  Worksheet       wsServiceLog ...: Unchanged local component
 ============================================================================
              Export Changed Components (by Add-in) for Log.xlsb             
 ----------------------------------------------------------------------------
  Class-Module    clsLog .........: Hosted Raw Common Component code modified
                                       Code modified of Hosted Raw Common Component
                                       Exported, Revision Number increased, Export File copied to 'Common Components Folder'
  UserForm        fMsg ...........: Unchanged used Common Component
  Standard-Module mCompManClient .: Unchanged used Common Component
  Standard-Module mErH ...........: Unchanged used Common Component
  Standard-Module mLogExamples ...: Unchanged local component
  Standard-Module mLogTest .......: Unchanged local component
  Standard-Module mMsg ...........: Unchanged used Common Component
  Standard-Module mTrc ...........: Unchanged used Common Component
  Workbook        wbServiceLog ...: Unchanged local component
  Worksheet       wsServiceLog ...: Unchanged local component
 ============================================================================
              Export Changed Components (by Add-in) for Log.xlsb             
 ----------------------------------------------------------------------------
  Class-Module    clsLog .........: Hosted Raw Common Component code modified
                                       Code modified of Hosted Raw Common Component
                                       Exported, Revision Number increased, Export File copied to 'Common Components Folder'
  UserForm        fMsg ...........: Unchanged used Common Component
  Standard-Module mCompManClient .: Unchanged used Common Component
  Standard-Module mErH ...........: Unchanged used Common Component
  Standard-Module mLogExamples ...: Unchanged local component
  Standard-Module mLogTest .......: Unchanged local component
  Standard-Module mMsg ...........: Unchanged used Common Component
  Standard-Module mTrc ...........: Unchanged used Common Component
  Workbook        wbServiceLog ...: Unchanged local component
  Worksheet       wsServiceLog ...: Unchanged local component
 ==================================================================
         Export Changed Components (by Add-in) for Log.xlsb        
 ------------------------------------------------------------------
  UserForm        fMsg ...........: Unchanged used Common Component
  Standard-Module mCompManClient .: Unchanged used Common Component
  Standard-Module mErH ...........: Unchanged used Common Component
  Standard-Module mLogExamples ...: Unchanged local component
  Standard-Module mLogTest .......: Unchanged local component
  Standard-Module mMsg ...........: Unchanged used Common Component
  Standard-Module mTrc ...........: Unchanged used Common Component
  Workbook        wbServiceLog ...: Unchanged local component
  Worksheet       wsServiceLog ...: Unchanged local component
 ============================================================================
              Export Changed Components (by Add-in) for Log.xlsb             
 ----------------------------------------------------------------------------
  Class-Module    clsLog .........: Hosted Raw Common Component code modified
                                       Code modified of Hosted Raw Common Component
                                       Exported, Revision Number increased, Export File copied to 'Common Components Folder'
  UserForm        fMsg ...........: Unchanged used Common Component
  Standard-Module mCompManClient .: Unchanged used Common Component
  Standard-Module mErH ...........: Unchanged used Common Component
  Standard-Module mLogExamples ...: Unchanged local component
  Standard-Module mLogTest .......: Unchanged local component
  Standard-Module mMsg ...........: Unchanged used Common Component
  Standard-Module mTrc ...........: Unchanged used Common Component
  Workbook        wbServiceLog ...: Unchanged local component
  Worksheet       wsServiceLog ...: Unchanged local component
23-06-08-14:47:44 ============================================================================
23-06-08-14:47:44           Export Changed Components (by CompMan.xlsb) for Log.xlsb          
23-06-08-14:47:44 ----------------------------------------------------------------------------
23-06-08-14:47:44  Class-Module    clsLog .........: Hosted Raw Common Component code modified
23-06-08-14:47:44                                       Code modified of Hosted Raw Common Component
23-06-08-14:47:44                                       Exported, Revision Number increased, Export File copied to 'Common Components Folder'
23-06-08-14:47:44  Class-Module    clsLogOld ......: Unchanged local component
23-06-08-14:47:44  UserForm        fMsg ...........: Unchanged used Common Component
23-06-08-14:47:44  Standard-Module mCompManClient .: Unchanged used Common Component
23-06-08-14:47:44  Standard-Module mErH ...........: Unchanged used Common Component
23-06-08-14:47:44  Standard-Module mLogExamples ...: Unchanged local component
23-06-08-14:47:44  Standard-Module mLogTest .......: Modified code exported
23-06-08-14:47:44  Standard-Module mMsg ...........: Unchanged used Common Component
23-06-08-14:47:44  Standard-Module mTrc ...........: Unchanged used Common Component
23-06-08-14:47:44  Workbook        wbServiceLog ...: Unchanged local component
23-06-08-14:47:44  Worksheet       wsServiceLog ...: Unchanged local component
23-06-08-15:01:55 ============================================================================
23-06-08-15:01:55           Export Changed Components (by CompMan.xlsb) for Log.xlsb          
23-06-08-15:01:55 ----------------------------------------------------------------------------
23-06-08-15:01:55  Class-Module    clsLog .........: Hosted Raw Common Component code modified
23-06-08-15:01:55                                       Code modified of Hosted Raw Common Component
23-06-08-15:01:55                                       Exported, Revision Number increased, Export File copied to 'Common Components Folder'
23-06-08-15:01:55  Class-Module    clsLogOld ......: Unchanged local component
23-06-08-15:01:55  UserForm        fMsg ...........: Unchanged used Common Component
23-06-08-15:01:55  Standard-Module mCompManClient .: Unchanged used Common Component
23-06-08-15:01:55  Standard-Module mErH ...........: Unchanged used Common Component
23-06-08-15:01:55  Standard-Module mLogExamples ...: Unchanged local component
23-06-08-15:01:55  Standard-Module mLogTest .......: Modified code exported
23-06-08-15:01:55  Standard-Module mMsg ...........: Unchanged used Common Component
23-06-08-15:01:55  Standard-Module mTrc ...........: Unchanged used Common Component
23-06-08-15:01:55  Workbook        wbServiceLog ...: Unchanged local component
23-06-08-15:01:55  Worksheet       wsServiceLog ...: Unchanged local component
23-06-08-15:14:44 ============================================================================
23-06-08-15:14:44           Export Changed Components (by CompMan.xlsb) for Log.xlsb          
23-06-08-15:14:44 ----------------------------------------------------------------------------
23-06-08-15:14:44  Class-Module    clsLog .........: Hosted Raw Common Component code modified
23-06-08-15:14:44                                       Code modified of Hosted Raw Common Component
23-06-08-15:14:44                                       Exported, Revision Number increased, Export File copied to 'Common Components Folder'
23-06-08-15:14:44  Class-Module    clsLogOld ......: Unchanged local component
23-06-08-15:14:44  UserForm        fMsg ...........: Unchanged used Common Component
23-06-08-15:14:44  Standard-Module mCompManClient .: Unchanged used Common Component
23-06-08-15:14:44  Standard-Module mErH ...........: Unchanged used Common Component
23-06-08-15:14:44  Standard-Module mLogExamples ...: Unchanged local component
23-06-08-15:14:44  Standard-Module mLogTest .......: Modified code exported
23-06-08-15:14:44  Standard-Module mMsg ...........: Unchanged used Common Component
23-06-08-15:14:44  Standard-Module mTrc ...........: Unchanged used Common Component
23-06-08-15:14:44  Workbook        wbServiceLog ...: Unchanged local component
23-06-08-15:14:44  Worksheet       wsServiceLog ...: Unchanged local component
23-06-08-15:22:36 ============================================================================
23-06-08-15:22:36           Export Changed Components (by CompMan.xlsb) for Log.xlsb          
23-06-08-15:22:36 ----------------------------------------------------------------------------
23-06-08-15:22:36  Class-Module    clsLog .........: Hosted Raw Common Component code modified
23-06-08-15:22:36                                       Code modified of Hosted Raw Common Component
23-06-08-15:22:36                                       Exported, Revision Number increased, Export File copied to 'Common Components Folder'
23-06-08-15:22:36  Class-Module    clsLogOld ......: Unchanged local component
23-06-08-15:22:36  UserForm        fMsg ...........: Unchanged used Common Component
23-06-08-15:22:36  Standard-Module mCompManClient .: Unchanged used Common Component
23-06-08-15:22:36  Standard-Module mErH ...........: Unchanged used Common Component
23-06-08-15:22:36  Standard-Module mLogExamples ...: Unchanged local component
23-06-08-15:22:36  Standard-Module mLogTest .......: Modified code exported
23-06-08-15:22:36  Standard-Module mMsg ...........: Unchanged used Common Component
23-06-08-15:22:36  Standard-Module mTrc ...........: Unchanged used Common Component
23-06-08-15:22:36  Workbook        wbServiceLog ...: Unchanged local component
23-06-08-15:22:36  Worksheet       wsServiceLog ...: Unchanged local component
23-06-08-15:22:43 ============================================================
23-06-08-15:22:43   Export Changed Components (by CompMan.xlsb) for Log.xlsb  
23-06-08-15:22:43 ------------------------------------------------------------
23-06-08-15:22:43  Class-Module    clsLogOld ......: Unchanged local component
23-06-08-15:22:43  UserForm        fMsg ...........: Unchanged used Common Component
23-06-08-15:22:43  Standard-Module mCompManClient .: Unchanged used Common Component
23-06-08-15:22:43  Standard-Module mErH ...........: Unchanged used Common Component
23-06-08-15:22:43  Standard-Module mLogExamples ...: Unchanged local component
23-06-08-15:22:43  Standard-Module mLogTest .......: Unchanged local component
23-06-08-15:22:43  Standard-Module mMsg ...........: Unchanged used Common Component
23-06-08-15:22:43  Standard-Module mTrc ...........: Unchanged used Common Component
23-06-08-15:22:43  Workbook        wbServiceLog ...: Unchanged local component
23-06-08-15:22:43  Worksheet       wsServiceLog ...: Unchanged local component
23-06-08-15:24:00 ============================================================
23-06-08-15:24:00   Export Changed Components (by CompMan.xlsb) for Log.xlsb  
23-06-08-15:24:00 ------------------------------------------------------------
23-06-08-15:24:00  Class-Module    clsLogOld ......: Unchanged local component
23-06-08-15:24:00  UserForm        fMsg ...........: Unchanged used Common Component
23-06-08-15:24:00  Standard-Module mCompManClient .: Unchanged used Common Component
23-06-08-15:24:00  Standard-Module mErH ...........: Unchanged used Common Component
23-06-08-15:24:00  Standard-Module mLogExamples ...: Unchanged local component
23-06-08-15:24:01  Standard-Module mLogTest .......: Modified code exported
23-06-08-15:24:01  Standard-Module mMsg ...........: Unchanged used Common Component
23-06-08-15:24:01  Standard-Module mTrc ...........: Unchanged used Common Component
23-06-08-15:24:01  Workbook        wbServiceLog ...: Unchanged local component
23-06-08-15:24:01  Worksheet       wsServiceLog ...: Unchanged local component
23-06-08-15:30:50 ============================================================================
23-06-08-15:30:50           Export Changed Components (by CompMan.xlsb) for Log.xlsb          
23-06-08-15:30:50 ----------------------------------------------------------------------------
23-06-08-15:30:50  Class-Module    clsLog .........: Hosted Raw Common Component code modified
23-06-08-15:30:50                                       Code modified of Hosted Raw Common Component
23-06-08-15:30:50                                       Exported, Revision Number increased, Export File copied to 'Common Components Folder'
23-06-08-15:30:50  Class-Module    clsLogOld ......: Unchanged local component
23-06-08-15:30:51  UserForm        fMsg ...........: Unchanged used Common Component
23-06-08-15:30:51  Standard-Module mCompManClient .: Unchanged used Common Component
23-06-08-15:30:51  Standard-Module mErH ...........: Unchanged used Common Component
23-06-08-15:30:51  Standard-Module mLogExamples ...: Unchanged local component
23-06-08-15:30:51  Standard-Module mLogTest .......: Modified code exported
23-06-08-15:30:51  Standard-Module mMsg ...........: Unchanged used Common Component
23-06-08-15:30:51  Standard-Module mTrc ...........: Unchanged used Common Component
23-06-08-15:30:51  Workbook        wbServiceLog ...: Unchanged local component
23-06-08-15:30:51  Worksheet       wsServiceLog ...: Unchanged local component
23-06-08-16:40:38 ============================================================================
23-06-08-16:40:38           Export Changed Components (by CompMan.xlsb) for Log.xlsb          
23-06-08-16:40:38 ----------------------------------------------------------------------------
23-06-08-16:40:38  Class-Module    clsLog .........: Hosted Raw Common Component code modified
23-06-08-16:40:38                                       Code modified of Hosted Raw Common Component
23-06-08-16:40:38                                       Exported, Revision Number increased, Export File copied to 'Common Components Folder'
23-06-08-16:40:38  Class-Module    clsLogOld ......: Unchanged local component
23-06-08-16:40:38  UserForm        fMsg ...........: Unchanged used Common Component
23-06-08-16:40:38  Standard-Module mCompManClient .: Unchanged used Common Component
23-06-08-16:40:38  Standard-Module mErH ...........: Unchanged used Common Component
23-06-08-16:40:38  Standard-Module mLogExamples ...: Unchanged local component
23-06-08-16:40:38  Standard-Module mLogTest .......: Modified code exported
23-06-08-16:40:38  Standard-Module mMsg ...........: Unchanged used Common Component
23-06-08-16:40:38  Standard-Module mTrc ...........: Unchanged used Common Component
23-06-08-16:40:38  Workbook        wbServiceLog ...: Unchanged local component
23-06-08-16:40:38  Worksheet       wsServiceLog ...: Unchanged local component
23-06-08-16:46:16 ============================================================================
23-06-08-16:46:16           Export Changed Components (by CompMan.xlsb) for Log.xlsb          
23-06-08-16:46:16 ----------------------------------------------------------------------------
23-06-08-16:46:16  Class-Module    clsLog .........: Hosted Raw Common Component code modified
23-06-08-16:46:16                                       Code modified of Hosted Raw Common Component
23-06-08-16:46:16                                       Exported, Revision Number increased, Export File copied to 'Common Components Folder'
23-06-08-16:46:16  Class-Module    clsLogOld ......: Unchanged local component
23-06-08-16:46:16  UserForm        fMsg ...........: Unchanged used Common Component
23-06-08-16:46:16  Standard-Module mCompManClient .: Unchanged used Common Component
23-06-08-16:46:16  Standard-Module mErH ...........: Unchanged used Common Component
23-06-08-16:46:16  Standard-Module mLogExamples ...: Unchanged local component
23-06-08-16:46:16  Standard-Module mLogTest .......: Modified code exported
23-06-08-16:46:16  Standard-Module mMsg ...........: Unchanged used Common Component
23-06-08-16:46:16  Standard-Module mTrc ...........: Unchanged used Common Component
23-06-08-16:46:16  Workbook        wbServiceLog ...: Unchanged local component
23-06-08-16:46:16  Worksheet       wsServiceLog ...: Unchanged local component
23-06-08-16:47:35 ================================================================
23-06-08-16:47:35  Update Outdated Common Components (by CompMan.xlsb) for Log.xlsb 
23-06-08-16:47:35 ----------------------------------------------------------------
23-06-08-16:47:35  UserForm        fMsg ...........: Common Component up-to-date
23-06-08-16:47:35  Standard-Module mCompManClient .: Common Component up-to-date
23-06-08-16:47:35  Standard-Module mErH ...........: Common Component up-to-date
23-06-08-16:47:35  Standard-Module mMsg ...........: Common Component up-to-date
23-06-08-16:47:35  Standard-Module mTrc ...........: Common Component up-to-date
23-06-08-17:24:47 ============================================================================
23-06-08-17:24:47           Export Changed Components (by CompMan.xlsb) for Log.xlsb          
23-06-08-17:24:47 ----------------------------------------------------------------------------
23-06-08-17:24:47  Class-Module    clsLog .........: Hosted Raw Common Component code modified
23-06-08-17:24:48                                       Code modified of Hosted Raw Common Component
23-06-08-17:24:48                                       Exported, Revision Number increased, Export File copied to 'Common Components Folder'
23-06-08-17:24:48  Class-Module    clsLogOld ......: Unchanged local component
23-06-08-17:24:48  UserForm        fMsg ...........: Unchanged used Common Component
23-06-08-17:24:48  Standard-Module mCompManClient .: Unchanged used Common Component
23-06-08-17:24:48  Standard-Module mErH ...........: Unchanged used Common Component
23-06-08-17:24:48  Standard-Module mLogExamples ...: Unchanged local component
23-06-08-17:24:48  Standard-Module mLogTest .......: Modified code exported
23-06-08-17:24:48  Standard-Module mMsg ...........: Unchanged used Common Component
23-06-08-17:24:48  Standard-Module mTrc ...........: Unchanged used Common Component
23-06-08-17:24:48  Workbook        wbServiceLog ...: Unchanged local component
23-06-08-17:24:48  Worksheet       wsServiceLog ...: Unchanged local component
23-06-08-17:35:56 ============================================================================
23-06-08-17:35:56           Export Changed Components (by CompMan.xlsb) for Log.xlsb          
23-06-08-17:35:56 ----------------------------------------------------------------------------
23-06-08-17:35:56  Class-Module    clsLog .........: Hosted Raw Common Component code modified
23-06-08-17:35:56                                       Code modified of Hosted Raw Common Component
23-06-08-17:35:56                                       Exported, Revision Number increased, Export File copied to 'Common Components Folder'
23-06-08-17:35:56  Class-Module    clsLogOld ......: Unchanged local component
23-06-08-17:35:56  UserForm        fMsg ...........: Unchanged used Common Component
23-06-08-17:35:56  Standard-Module mCompManClient .: Unchanged used Common Component
23-06-08-17:35:56  Standard-Module mErH ...........: Unchanged used Common Component
23-06-08-17:35:56  Standard-Module mLogExamples ...: Unchanged local component
23-06-08-17:35:56  Standard-Module mLogTest .......: Unchanged local component
23-06-08-17:35:56  Standard-Module mMsg ...........: Unchanged used Common Component
23-06-08-17:35:56  Standard-Module mTrc ...........: Unchanged used Common Component
23-06-08-17:35:56  Workbook        wbServiceLog ...: Unchanged local component
23-06-08-17:35:56  Worksheet       wsServiceLog ...: Unchanged local component
23-06-08-17:36:33 ================================================================
23-06-08-17:36:33  Update Outdated Common Components (by CompMan.xlsb) for Log.xlsb 
23-06-08-17:36:33 ----------------------------------------------------------------
23-06-08-17:36:33  UserForm        fMsg ...........: Common Component up-to-date
23-06-08-17:36:33  Standard-Module mCompManClient .: Common Component up-to-date
23-06-08-17:36:33  Standard-Module mErH ...........: Common Component up-to-date
23-06-08-17:36:33  Standard-Module mMsg ...........: Common Component up-to-date
23-06-08-17:36:33  Standard-Module mTrc ...........: Common Component up-to-date
23-06-08-17:38:30 ============================================================
23-06-08-17:38:30   Export Changed Components (by CompMan.xlsb) for Log.xlsb  
23-06-08-17:38:30 ------------------------------------------------------------
23-06-08-17:38:30  Class-Module    clsLogOld ......: Unchanged local component
23-06-08-17:38:30  UserForm        fMsg ...........: Unchanged used Common Component
23-06-08-17:38:30  Standard-Module mCompManClient .: Unchanged used Common Component
23-06-08-17:38:30  Standard-Module mErH ...........: Unchanged used Common Component
23-06-08-17:38:30  Standard-Module mLogExamples ...: Unchanged local component
23-06-08-17:38:30  Standard-Module mLogTest .......: Unchanged local component
23-06-08-17:38:30  Standard-Module mMsg ...........: Unchanged used Common Component
23-06-08-17:38:30  Standard-Module mTrc ...........: Unchanged used Common Component
23-06-08-17:38:30  Workbook        wbServiceLog ...: Unchanged local component
23-06-08-17:38:30  Worksheet       wsServiceLog ...: Unchanged local component
 ==============================================================
   Update Outdated Common Components (by Add-in) for Log.xlsb  
 --------------------------------------------------------------
  UserForm        fMsg ...........: Common Component up-to-date
  Standard-Module mCompManClient .: Common Component up-to-date
  Standard-Module mErH ...........: Common Component up-to-date
  Standard-Module mMsg ...........: Common Component up-to-date
  Standard-Module mTrc ...........: Common Component up-to-date
 ============================================================================
              Export Changed Components (by Add-in) for Log.xlsb             
 ----------------------------------------------------------------------------
  Class-Module    clsLog .........: Hosted Raw Common Component code modified
                                       Code modified of Hosted Raw Common Component
                                       Exported, Revision Number increased, Export File copied to 'Common Components Folder'
  Class-Module    clsLogOld ......: Unchanged local component
  UserForm        fMsg ...........: Unchanged used Common Component
  Standard-Module mCompManClient .: Unchanged used Common Component
  Standard-Module mErH ...........: Unchanged used Common Component
  Standard-Module mLogExamples ...: Unchanged local component
  Standard-Module mLogTest .......: Unchanged local component
  Standard-Module mMsg ...........: Unchanged used Common Component
  Standard-Module mTrc ...........: Unchanged used Common Component
  Workbook        wbServiceLog ...: Unchanged local component
  Worksheet       wsServiceLog ...: Unchanged local component
 ==============================================================
   Update Outdated Common Components (by Add-in) for Log.xlsb  
 --------------------------------------------------------------
  UserForm        fMsg ...........: Common Component up-to-date
  Standard-Module mCompManClient .: Common Component up-to-date
  Standard-Module mErH ...........: Common Component up-to-date
  Standard-Module mMsg ...........: Common Component up-to-date
  Standard-Module mTrc ...........: Common Component up-to-date
 ============================================================================
              Export Changed Components (by Add-in) for Log.xlsb             
 ----------------------------------------------------------------------------
  Class-Module    clsLog .........: Hosted Raw Common Component code modified
                                       Code modified of Hosted Raw Common Component
                                       Exported, Revision Number increased, Export File copied to 'Common Components Folder'
  Class-Module    clsLogOld ......: Unchanged local component
  UserForm        fMsg ...........: Unchanged used Common Component
  Standard-Module mCompManClient .: Unchanged used Common Component
  Standard-Module mErH ...........: Unchanged used Common Component
  Standard-Module mLogExamples ...: Unchanged local component
  Standard-Module mLogTest .......: Unchanged local component
  Standard-Module mMsg ...........: Unchanged used Common Component
  Standard-Module mTrc ...........: Unchanged used Common Component
  Workbook        wbServiceLog ...: Unchanged local component
  Worksheet       wsServiceLog ...: Unchanged local component
 ============================================================================
              Export Changed Components (by Add-in) for Log.xlsb             
 ----------------------------------------------------------------------------
  Class-Module    clsLog .........: Hosted Raw Common Component code modified
                                       Code modified of Hosted Raw Common Component
                                       Exported, Revision Number increased, Export File copied to 'Common Components Folder'
  Class-Module    clsLogOld ......: Unchanged local component
  UserForm        fMsg ...........: Unchanged used Common Component
  Standard-Module mCompManClient .: Unchanged used Common Component
  Standard-Module mErH ...........: Unchanged used Common Component
  Standard-Module mLogExamples ...: Unchanged local component
  Standard-Module mLogTest .......: Unchanged local component
  Standard-Module mMsg ...........: Unchanged used Common Component
  Standard-Module mTrc ...........: Unchanged used Common Component
  Workbook        wbServiceLog ...: Unchanged local component
  Worksheet       wsServiceLog ...: Unchanged local component
 ============================================================
      Export Changed Components (by Add-in) for Log.xlsb     
 ------------------------------------------------------------
  Class-Module    clsLogOld ......: Unchanged local component
  UserForm        fMsg ...........: Unchanged used Common Component
  Standard-Module mCompManClient .: Unchanged used Common Component
  Standard-Module mErH ...........: Unchanged used Common Component
  Standard-Module mLogExamples ...: Unchanged local component
  Standard-Module mLogTest .......: Unchanged local component
  Standard-Module mMsg ...........: Unchanged used Common Component
  Standard-Module mTrc ...........: Unchanged used Common Component
  Workbook        wbServiceLog ...: Unchanged local component
  Worksheet       wsServiceLog ...: Unchanged local component
 ============================================================
      Export Changed Components (by Add-in) for Log.xlsb     
 ------------------------------------------------------------
  Class-Module    clsLogOld ......: Unchanged local component
  UserForm        fMsg ...........: Unchanged used Common Component
  Standard-Module mCompManClient .: Unchanged used Common Component
  Standard-Module mErH ...........: Unchanged used Common Component
  Standard-Module mLogExamples ...: Unchanged local component
  Standard-Module mLogTest .......: Modified code exported
  Standard-Module mMsg ...........: Unchanged used Common Component
  Standard-Module mTrc ...........: Unchanged used Common Component
  Workbook        wbServiceLog ...: Unchanged local component
  Worksheet       wsServiceLog ...: Unchanged local component
 ============================================================
      Export Changed Components (by Add-in) for Log.xlsb     
 ------------------------------------------------------------
  Class-Module    clsLogOld ......: Unchanged local component
  UserForm        fMsg ...........: Unchanged used Common Component
  Standard-Module mCompManClient .: Unchanged used Common Component
  Standard-Module mErH ...........: Unchanged used Common Component
  Standard-Module mLogExamples ...: Unchanged local component
  Standard-Module mLogTest .......: Modified code exported
  Standard-Module mMsg ...........: Unchanged used Common Component
  Standard-Module mTrc ...........: Unchanged used Common Component
  Workbook        wbServiceLog ...: Unchanged local component
  Worksheet       wsServiceLog ...: Unchanged local component
 ============================================================
      Export Changed Components (by Add-in) for Log.xlsb     
 ------------------------------------------------------------
  Class-Module    clsLogOld ......: Unchanged local component
  UserForm        fMsg ...........: Unchanged used Common Component
  Standard-Module mCompManClient .: Unchanged used Common Component
  Standard-Module mErH ...........: Unchanged used Common Component
  Standard-Module mLogExamples ...: Unchanged local component
  Standard-Module mLogTest .......: Modified code exported
  Standard-Module mMsg ...........: Unchanged used Common Component
  Standard-Module mTrc ...........: Unchanged used Common Component
  Workbook        wbServiceLog ...: Unchanged local component
  Worksheet       wsServiceLog ...: Unchanged local component
 ============================================================================
              Export Changed Components (by Add-in) for Log.xlsb             
 ----------------------------------------------------------------------------
  Class-Module    clsLog .........: Hosted Raw Common Component code modified
                                       Code modified of Hosted Raw Common Component
                                       Exported, Revision Number increased, Export File copied to 'Common Components Folder'
  Class-Module    clsLogOld ......: Unchanged local component
  UserForm        fMsg ...........: Unchanged used Common Component
  Standard-Module mCompManClient .: Unchanged used Common Component
  Standard-Module mErH ...........: Unchanged used Common Component
  Standard-Module mLogExamples ...: Unchanged local component
  Standard-Module mLogTest .......: Unchanged local component
  Standard-Module mMsg ...........: Unchanged used Common Component
  Standard-Module mTrc ...........: Unchanged used Common Component
  Workbook        wbServiceLog ...: Unchanged local component
  Worksheet       wsServiceLog ...: Unchanged local component
 ============================================================================
              Export Changed Components (by Add-in) for Log.xlsb             
 ----------------------------------------------------------------------------
  Class-Module    clsLog .........: Hosted Raw Common Component code modified
                                       Code modified of Hosted Raw Common Component
                                       Exported, Revision Number increased, Export File copied to 'Common Components Folder'
  Class-Module    clsLogOld ......: Unchanged local component
  UserForm        fMsg ...........: Unchanged used Common Component
  Standard-Module mCompManClient .: Unchanged used Common Component
  Standard-Module mErH ...........: Unchanged used Common Component
  Standard-Module mLogExamples ...: Unchanged local component
  Standard-Module mLogTest .......: Unchanged local component
  Standard-Module mMsg ...........: Unchanged used Common Component
  Standard-Module mTrc ...........: Unchanged used Common Component
  Workbook        wbServiceLog ...: Unchanged local component
  Worksheet       wsServiceLog ...: Unchanged local component
 ============================================================================
              Export Changed Components (by Add-in) for Log.xlsb             
 ----------------------------------------------------------------------------
  Class-Module    clsLog .........: Hosted Raw Common Component code modified
                                       Code modified of Hosted Raw Common Component
                                       Exported, Revision Number increased, Export File copied to 'Common Components Folder'
  Class-Module    clsLogOld ......: Unchanged local component
  UserForm        fMsg ...........: Unchanged used Common Component
  Standard-Module mCompManClient .: Unchanged used Common Component
  Standard-Module mErH ...........: Unchanged used Common Component
  Standard-Module mLogExamples ...: Unchanged local component
  Standard-Module mLogTest .......: Unchanged local component
  Standard-Module mMsg ...........: Unchanged used Common Component
  Standard-Module mTrc ...........: Unchanged used Common Component
  Workbook        wbServiceLog ...: Unchanged local component
  Worksheet       wsServiceLog ...: Unchanged local component
 ============================================================================
              Export Changed Components (by Add-in) for Log.xlsb             
 ----------------------------------------------------------------------------
  Class-Module    clsLog .........: Hosted Raw Common Component code modified
                                       Code modified of Hosted Raw Common Component
                                       Exported, Revision Number increased, Export File copied to 'Common Components Folder'
  Class-Module    clsLogOld ......: Unchanged local component
  UserForm        fMsg ...........: Unchanged used Common Component
  Standard-Module mCompManClient .: Unchanged used Common Component
  Standard-Module mErH ...........: Unchanged used Common Component
  Standard-Module mLogExamples ...: Unchanged local component
  Standard-Module mLogTest .......: Unchanged local component
  Standard-Module mMsg ...........: Unchanged used Common Component
  Standard-Module mTrc ...........: Unchanged used Common Component
  Workbook        wbServiceLog ...: Unchanged local component
  Worksheet       wsServiceLog ...: Unchanged local component
 ============================================================
      Export Changed Components (by Add-in) for Log.xlsb     
 ------------------------------------------------------------
  Class-Module    clsLogOld ......: Unchanged local component
  UserForm        fMsg ...........: Unchanged used Common Component
  Standard-Module mCompManClient .: Unchanged used Common Component
  Standard-Module mErH ...........: Unchanged used Common Component
  Standard-Module mLogExamples ...: Unchanged local component
  Standard-Module mLogTest .......: Unchanged local component
  Standard-Module mMsg ...........: Unchanged used Common Component
  Standard-Module mTrc ...........: Unchanged used Common Component
  Workbook        wbServiceLog ...: Unchanged local component
  Worksheet       wsServiceLog ...: Unchanged local component
 ============================================================================
              Export Changed Components (by Add-in) for Log.xlsb             
 ----------------------------------------------------------------------------
  Class-Module    clsLog .........: Hosted Raw Common Component code modified
                                       Code modified of Hosted Raw Common Component
                                       Exported, Revision Number increased, Export File copied to 'Common Components Folder'
  Class-Module    clsLogOld ......: Unchanged local component
  UserForm        fMsg ...........: Unchanged used Common Component
  Standard-Module mCompManClient .: Unchanged used Common Component
  Standard-Module mErH ...........: Unchanged used Common Component
  Standard-Module mLogExamples ...: Unchanged local component
  Standard-Module mLogTest .......: Unchanged local component
  Standard-Module mMsg ...........: Unchanged used Common Component
  Standard-Module mTrc ...........: Unchanged used Common Component
  Workbook        wbServiceLog ...: Unchanged local component
  Worksheet       wsServiceLog ...: Unchanged local component
 ============================================================================
              Export Changed Components (by Add-in) for Log.xlsb             
 ----------------------------------------------------------------------------
  Class-Module    clsLog .........: Hosted Raw Common Component code modified
                                       Code modified of Hosted Raw Common Component
                                       Exported, Revision Number increased, Export File copied to 'Common Components Folder'
  Class-Module    clsLogOld ......: Unchanged local component
  UserForm        fMsg ...........: Unchanged used Common Component
  Standard-Module mCompManClient .: Unchanged used Common Component
  Standard-Module mErH ...........: Unchanged used Common Component
  Standard-Module mLogExamples ...: Unchanged local component
  Standard-Module mLogTest .......: Unchanged local component
  Standard-Module mMsg ...........: Unchanged used Common Component
  Standard-Module mTrc ...........: Unchanged used Common Component
  Workbook        wbServiceLog ...: Unchanged local component
  Worksheet       wsServiceLog ...: Unchanged local component
 ============================================================================
              Export Changed Components (by Add-in) for Log.xlsb             
 ----------------------------------------------------------------------------
  Class-Module    clsLog .........: Hosted Raw Common Component code modified
                                       Code modified of Hosted Raw Common Component
                                       Exported, Revision Number increased, Export File copied to 'Common Components Folder'
  Class-Module    clsLogOld ......: Unchanged local component
  UserForm        fMsg ...........: Unchanged used Common Component
  Standard-Module mCompManClient .: Unchanged used Common Component
  Standard-Module mErH ...........: Unchanged used Common Component
  Standard-Module mLogExamples ...: Unchanged local component
  Standard-Module mLogTest .......: Unchanged local component
  Standard-Module mMsg ...........: Unchanged used Common Component
  Standard-Module mTrc ...........: Unchanged used Common Component
  Workbook        wbServiceLog ...: Unchanged local component
  Worksheet       wsServiceLog ...: Unchanged local component
 ============================================================================
              Export Changed Components (by Add-in) for Log.xlsb             
 ----------------------------------------------------------------------------
  Class-Module    clsLog .........: Hosted Raw Common Component code modified
                                       Code modified of Hosted Raw Common Component
                                       Exported, Revision Number increased, Export File copied to 'Common Components Folder'
  Class-Module    clsLogOld ......: Unchanged local component
  UserForm        fMsg ...........: Unchanged used Common Component
  Standard-Module mCompManClient .: Unchanged used Common Component
  Standard-Module mErH ...........: Unchanged used Common Component
  Standard-Module mLogExamples ...: Unchanged local component
  Standard-Module mLogTest .......: Unchanged local component
  Standard-Module mMsg ...........: Unchanged used Common Component
  Standard-Module mTrc ...........: Unchanged used Common Component
  Workbook        wbServiceLog ...: Unchanged local component
  Worksheet       wsServiceLog ...: Unchanged local component
 ============================================================
      Export Changed Components (by Add-in) for Log.xlsb     
 ------------------------------------------------------------
  Class-Module    clsLogOld ......: Unchanged local component
  UserForm        fMsg ...........: Unchanged used Common Component
  Standard-Module mCompManClient .: Unchanged used Common Component
  Standard-Module mErH ...........: Unchanged used Common Component
  Standard-Module mLogExamples ...: Unchanged local component
  Standard-Module mLogTest .......: Unchanged local component
  Standard-Module mMsg ...........: Unchanged used Common Component
  Standard-Module mTrc ...........: Unchanged used Common Component
  Workbook        wbServiceLog ...: Unchanged local component
  Worksheet       wsServiceLog ...: Unchanged local component
 ============================================================================
              Export Changed Components (by Add-in) for Log.xlsb             
 ----------------------------------------------------------------------------
  Class-Module    clsLog .........: Hosted Raw Common Component code modified
                                       Code modified of Hosted Raw Common Component
                                       Exported, Revision Number increased, Export File copied to 'Common Components Folder'
  Class-Module    clsLogOld ......: Unchanged local component
  UserForm        fMsg ...........: Unchanged used Common Component
  Standard-Module mCompManClient .: Unchanged used Common Component
  Standard-Module mErH ...........: Unchanged used Common Component
  Standard-Module mLogExamples ...: Unchanged local component
  Standard-Module mLogTest .......: Modified code exported
  Standard-Module mMsg ...........: Unchanged used Common Component
  Standard-Module mTrc ...........: Unchanged used Common Component
  Workbook        wbServiceLog ...: Unchanged local component
  Worksheet       wsServiceLog ...: Unchanged local component
 ============================================================================
              Export Changed Components (by Add-in) for Log.xlsb             
 ----------------------------------------------------------------------------
  Class-Module    clsLog .........: Hosted Raw Common Component code modified
                                       Code modified of Hosted Raw Common Component
                                       Exported, Revision Number increased, Export File copied to 'Common Components Folder'
  Class-Module    clsLogOld ......: Unchanged local component
  UserForm        fMsg ...........: Unchanged used Common Component
  Standard-Module mCompManClient .: Unchanged used Common Component
  Standard-Module mErH ...........: Unchanged used Common Component
  Standard-Module mLogExamples ...: Unchanged local component
  Standard-Module mLogTest .......: Unchanged local component
  Standard-Module mMsg ...........: Unchanged used Common Component
  Standard-Module mTrc ...........: Unchanged used Common Component
  Workbook        wbServiceLog ...: Unchanged local component
  Worksheet       wsServiceLog ...: Unchanged local component
 ============================================================================
              Export Changed Components (by Add-in) for Log.xlsb             
 ----------------------------------------------------------------------------
  Class-Module    clsLog .........: Hosted Raw Common Component code modified
                                       Code modified of Hosted Raw Common Component
                                       Exported, Revision Number increased, Export File copied to 'Common Components Folder'
  Class-Module    clsLogOld ......: Unchanged local component
  UserForm        fMsg ...........: Unchanged used Common Component
  Standard-Module mCompManClient .: Unchanged used Common Component
  Standard-Module mErH ...........: Unchanged used Common Component
  Standard-Module mLogExamples ...: Unchanged local component
  Standard-Module mLogTest .......: Unchanged local component
  Standard-Module mMsg ...........: Unchanged used Common Component
  Standard-Module mTrc ...........: Unchanged used Common Component
  Workbook        wbServiceLog ...: Unchanged local component
  Worksheet       wsServiceLog ...: Unchanged local component
 ============================================================================
              Export Changed Components (by Add-in) for Log.xlsb             
 ----------------------------------------------------------------------------
  Class-Module    clsLog .........: Hosted Raw Common Component code modified
                                       Code modified of Hosted Raw Common Component
                                       Exported, Revision Number increased, Export File copied to 'Common Components Folder'
  Class-Module    clsLogOld ......: Unchanged local component
  UserForm        fMsg ...........: Unchanged used Common Component
  Standard-Module mCompManClient .: Unchanged used Common Component
  Standard-Module mErH ...........: Unchanged used Common Component
  Standard-Module mLogExamples ...: Unchanged local component
  Standard-Module mLogTest .......: Modified code exported
  Standard-Module mMsg ...........: Unchanged used Common Component
  Standard-Module mTrc ...........: Unchanged used Common Component
  Workbook        wbServiceLog ...: Unchanged local component
  Worksheet       wsServiceLog ...: Unchanged local component
 ============================================================
      Export Changed Components (by Add-in) for Log.xlsb     
 ------------------------------------------------------------
  Class-Module    clsLogOld ......: Unchanged local component
  UserForm        fMsg ...........: Unchanged used Common Component
  Standard-Module mCompManClient .: Unchanged used Common Component
  Standard-Module mErH ...........: Unchanged used Common Component
  Standard-Module mLogExamples ...: Unchanged local component
  Standard-Module mLogTest .......: Modified code exported
  Standard-Module mMsg ...........: Unchanged used Common Component
  Standard-Module mTrc ...........: Unchanged used Common Component
  Workbook        wbServiceLog ...: Unchanged local component
  Worksheet       wsServiceLog ...: Unchanged local component
 ============================================================================
              Export Changed Components (by Add-in) for Log.xlsb             
 ----------------------------------------------------------------------------
  Class-Module    clsLog .........: Hosted Raw Common Component code modified
                                       Code modified of Hosted Raw Common Component
                                       Exported, Revision Number increased, Export File copied to 'Common Components Folder'
  Class-Module    clsLogOld ......: Unchanged local component
  UserForm        fMsg ...........: Unchanged used Common Component
  Standard-Module mCompManClient .: Unchanged used Common Component
  Standard-Module mErH ...........: Unchanged used Common Component
  Standard-Module mLogExamples ...: Unchanged local component
  Standard-Module mLogTest .......: Modified code exported
  Standard-Module mMsg ...........: Unchanged used Common Component
  Standard-Module mTrc ...........: Unchanged used Common Component
  Workbook        wbServiceLog ...: Unchanged local component
  Worksheet       wsServiceLog ...: Unchanged local component
 ============================================================================
              Export Changed Components (by Add-in) for Log.xlsb             
 ----------------------------------------------------------------------------
  Class-Module    clsLog .........: Hosted Raw Common Component code modified
                                       Code modified of Hosted Raw Common Component
                                       Exported, Revision Number increased, Export File copied to 'Common Components Folder'
  Class-Module    clsLogOld ......: Unchanged local component
  UserForm        fMsg ...........: Unchanged used Common Component
  Standard-Module mCompManClient .: Unchanged used Common Component
  Standard-Module mErH ...........: Unchanged used Common Component
  Standard-Module mLogExamples ...: Unchanged local component
  Standard-Module mLogTest .......: Unchanged local component
  Standard-Module mMsg ...........: Unchanged used Common Component
  Standard-Module mTrc ...........: Unchanged used Common Component
  Workbook        wbServiceLog ...: Unchanged local component
  Worksheet       wsServiceLog ...: Unchanged local component
 ============================================================================
              Export Changed Components (by Add-in) for Log.xlsb             
 ----------------------------------------------------------------------------
  Class-Module    clsLog .........: Hosted Raw Common Component code modified
                                       Code modified of Hosted Raw Common Component
                                       Exported, Revision Number increased, Export File copied to 'Common Components Folder'
  Class-Module    clsLogOld ......: Unchanged local component
  UserForm        fMsg ...........: Unchanged used Common Component
  Standard-Module mCompManClient .: Unchanged used Common Component
  Standard-Module mErH ...........: Unchanged used Common Component
  Standard-Module mLogExamples ...: Unchanged local component
  Standard-Module mLogTest .......: Unchanged local component
  Standard-Module mMsg ...........: Unchanged used Common Component
  Standard-Module mTrc ...........: Unchanged used Common Component
  Workbook        wbServiceLog ...: Unchanged local component
  Worksheet       wsServiceLog ...: Unchanged local component
 ============================================================
      Export Changed Components (by Add-in) for Log.xlsb     
 ------------------------------------------------------------
  Class-Module    clsLogOld ......: Unchanged local component
  UserForm        fMsg ...........: Unchanged used Common Component
  Standard-Module mCompManClient .: Unchanged used Common Component
  Standard-Module mErH ...........: Unchanged used Common Component
  Standard-Module mLogExamples ...: Unchanged local component
  Standard-Module mLogTest .......: Modified code exported
  Standard-Module mMsg ...........: Unchanged used Common Component
  Standard-Module mTrc ...........: Unchanged used Common Component
  Workbook        wbServiceLog ...: Unchanged local component
  Worksheet       wsServiceLog ...: Unchanged local component
 ============================================================================
              Export Changed Components (by Add-in) for Log.xlsb             
 ----------------------------------------------------------------------------
  Class-Module    clsLog .........: Hosted Raw Common Component code modified
                                       Code modified of Hosted Raw Common Component
                                       Exported, Revision Number increased, Export File copied to 'Common Components Folder'
  Class-Module    clsLogOld ......: Unchanged local component
  UserForm        fMsg ...........: Unchanged used Common Component
  Standard-Module mCompManClient .: Unchanged used Common Component
  Standard-Module mErH ...........: Unchanged used Common Component
  Standard-Module mLogExamples ...: Unchanged local component
  Standard-Module mLogTest .......: Unchanged local component
  Standard-Module mMsg ...........: Unchanged used Common Component
  Standard-Module mTrc ...........: Unchanged used Common Component
  Workbook        wbServiceLog ...: Unchanged local component
  Worksheet       wsServiceLog ...: Unchanged local component
 ============================================================================
              Export Changed Components (by Add-in) for Log.xlsb             
 ----------------------------------------------------------------------------
  Class-Module    clsLog .........: Hosted Raw Common Component code modified
                                       Code modified of Hosted Raw Common Component
                                       Exported, Revision Number increased, Export File copied to 'Common Components Folder'
  Class-Module    clsLogOld ......: Unchanged local component
  UserForm        fMsg ...........: Unchanged used Common Component
  Standard-Module mCompManClient .: Unchanged used Common Component
  Standard-Module mErH ...........: Unchanged used Common Component
  Standard-Module mLogExamples ...: Unchanged local component
  Standard-Module mLogTest .......: Unchanged local component
  Standard-Module mMsg ...........: Unchanged used Common Component
  Standard-Module mTrc ...........: Unchanged used Common Component
  Workbook        wbServiceLog ...: Unchanged local component
  Worksheet       wsServiceLog ...: Unchanged local component
 ============================================================
      Export Changed Components (by Add-in) for Log.xlsb     
 ------------------------------------------------------------
  Class-Module    clsLogOld ......: Unchanged local component
  UserForm        fMsg ...........: Unchanged used Common Component
  Standard-Module mCompManClient .: Unchanged used Common Component
  Standard-Module mErH ...........: Unchanged used Common Component
  Standard-Module mLogExamples ...: Unchanged local component
  Standard-Module mLogTest .......: Unchanged local component
  Standard-Module mMsg ...........: Unchanged used Common Component
  Standard-Module mTrc ...........: Unchanged used Common Component
  Workbook        wbServiceLog ...: Unchanged local component
  Worksheet       wsServiceLog ...: Unchanged local component
 ============================================================================
              Export Changed Components (by Add-in) for Log.xlsb             
 ----------------------------------------------------------------------------
  Class-Module    clsLog .........: Hosted Raw Common Component code modified
                                       Code modified of Hosted Raw Common Component
                                       Exported, Revision Number increased, Export File copied to 'Common Components Folder'
  Class-Module    clsLogOld ......: Unchanged local component
  UserForm        fMsg ...........: Unchanged used Common Component
  Standard-Module mCompManClient .: Unchanged used Common Component
  Standard-Module mErH ...........: Unchanged used Common Component
  Standard-Module mLogExamples ...: Unchanged local component
  Standard-Module mLogTest .......: Unchanged local component
  Standard-Module mMsg ...........: Unchanged used Common Component
  Standard-Module mTrc ...........: Unchanged used Common Component
  Workbook        wbServiceLog ...: Unchanged local component
  Worksheet       wsServiceLog ...: Unchanged local component
 ============================================================================
              Export Changed Components (by Add-in) for Log.xlsb             
 ----------------------------------------------------------------------------
  Class-Module    clsLog .........: Hosted Raw Common Component code modified
                                       Code modified of Hosted Raw Common Component
                                       Exported, Revision Number increased, Export File copied to 'Common Components Folder'
  Class-Module    clsLogOld ......: Unchanged local component
  UserForm        fMsg ...........: Unchanged used Common Component
  Standard-Module mCompManClient .: Unchanged used Common Component
  Standard-Module mErH ...........: Unchanged used Common Component
  Standard-Module mLogExamples ...: Unchanged local component
  Standard-Module mLogTest .......: Modified code exported
  Standard-Module mMsg ...........: Unchanged used Common Component
  Standard-Module mTrc ...........: Unchanged used Common Component
  Workbook        wbServiceLog ...: Unchanged local component
  Worksheet       wsServiceLog ...: Unchanged local component
 ============================================================
      Export Changed Components (by Add-in) for Log.xlsb     
 ------------------------------------------------------------
  Class-Module    clsLogOld ......: Unchanged local component
  UserForm        fMsg ...........: Unchanged used Common Component
  Standard-Module mCompManClient .: Unchanged used Common Component
  Standard-Module mErH ...........: Unchanged used Common Component
  Standard-Module mLogExamples ...: Unchanged local component
  Standard-Module mLogTest .......: Modified code exported
  Standard-Module mMsg ...........: Unchanged used Common Component
  Standard-Module mTrc ...........: Unchanged used Common Component
  Workbook        wbServiceLog ...: Unchanged local component
  Worksheet       wsServiceLog ...: Unchanged local component
23-06-09-19:06:08 ================================================================
23-06-09-19:06:08  Update Outdated Common Components (by CompMan.xlsb) for Log.xlsb 
23-06-09-19:06:08 ----------------------------------------------------------------
23-06-09-19:06:08  UserForm        fMsg ...........: Used Common Component
23-06-09-19:06:10  Standard-Module mCompManClient .: Used Common Component
23-06-09-19:06:11  Standard-Module mErH ...........: Used Common Component
23-06-09-19:06:15  Standard-Module mMsg ...........: Used Common Component
23-06-09-19:06:15  Standard-Module mTrc ...........: Used Common Component
23-06-09-19:09:20  UserForm        fMsg ...........: Common Component up-to-date
23-06-09-19:09:20  Standard-Module mCompManClient .: Common Component up-to-date
23-06-09-19:09:20  Standard-Module mErH ...........: Common Component up-to-date
23-06-09-19:09:20  Standard-Module mMsg ...........: Common Component up-to-date
23-06-09-19:09:20  Standard-Module mTrc ...........: Common Component up-to-date
23-06-09-20:32:51 ================================================================
23-06-09-20:32:51  Update Outdated Common Components (by CompMan.xlsb) for Log.xlsb 
23-06-09-20:32:51 ----------------------------------------------------------------
23-06-09-20:32:51  UserForm        fMsg ...........: Used Common Component
23-06-09-20:32:51  Standard-Module mCompManClient .: Used Common Component
23-06-09-20:32:51  Standard-Module mErH ...........: Used Common Component
23-06-09-20:32:51  Standard-Module mMsg ...........: Used Common Component
23-06-09-20:32:51  Standard-Module mTrc ...........: Used Common Component
23-06-09-20:32:54  UserForm        fMsg ...........: Common Component up-to-date
23-06-09-20:32:54  Standard-Module mCompManClient .: Common Component up-to-date
23-06-09-20:32:54  Standard-Module mErH ...........: Common Component up-to-date
23-06-09-20:32:54  Standard-Module mMsg ...........: Common Component up-to-date
23-06-09-20:32:54  Standard-Module mTrc ...........: Common Component up-to-date
