23-06-03-16:43:34 Regression test case 01-1:                             
23-06-03-16:43:34 - Single log line                                      
23-06-03-16:43:34 - Title left adjusted                                  
23-06-03-16:43:34 -------------------------------------------------------
23-06-03-16:43:34 01-1 1. Single string, new log, Single string, new log.
23-06-03-16:43:34 01-1 2. Single string, new log, no title. 
23-06-03-16:43:34 =======================================================
23-06-03-16:43:34        Regression test case 01-2: Title centered       
23-06-03-16:43:34 -------------------------------------------------------
23-06-03-16:43:34 01-2 1. Single string, new log, Single string, new log.
23-06-03-16:43:34 01-2 2. Single string without any width limit
23-06-03-16:43:34 ===================================================================================
23-06-03-16:43:34                 Regression test case 01-3: Title centered (with -)                 
23-06-03-16:43:34 -----------------------------------------------------------------------------------
23-06-03-16:43:34 01-3 1. Single string, new log. Extra long text to force title with fill characters
23-06-03-16:43:34 01-3 2. Single string without any width limit
23-06-03-16:43:34 ===================================================================================
23-06-03-16:43:34                             Regression test case 01-4:                             
23-06-03-16:43:34                            Three title lines (centered)                            
23-06-03-16:43:34                  Each line specified by an individual method call                  
23-06-03-16:43:34 -----------------------------------------------------------------------------------
23-06-03-16:43:34 01-4 1. Single string, new log. Extra long text to force title with fill characters
23-06-03-16:43:34 01-4 2. Single string without any width limit
23-06-03-16:43:34 ===================================================================================
23-06-03-16:43:34  02-1  xxxx  yyyyyy Alignments: R, C, R, L; Rightmost column without width limit
23-06-03-16:43:34 'NewLog' explicitly called to indicate a new series of log entries
23-06-03-16:43:34  02-1  xxxx   yyyyy ... correct aligned in columns because the first entry indicated column alignment implicitly!
23-06-03-16:43:34 ===================================================================================
23-06-03-16:43:34 'NewLog' explicitly called to indicate a new series of log entries
23-06-03-16:43:34  02-2  xxxx   yyyyy Alignments: R, C, R, L; Rightmost column without width limit
23-06-03-16:43:34  02-2  xxxx   yyyyy ... correct aligned in columns because AlignmentItems explicitly specified them!
23-06-03-16:43:34 ======================================================================================================================================================
23-06-03-16:43:34  Regression test case 04:                                                                                                                             
23-06-03-16:43:34  - The 'Headers' method:                                                                                                                              
23-06-03-16:43:34   - implicitely specifies the alignment by means of leading and trailing spaces (R, C, C, L)                                                          
23-06-03-16:43:34   - specifies two header lines each by an individual method call                                                                                      
23-06-03-16:43:34  - The maximum column width is the maximimum of the width implicitly specified by:                                                                    
23-06-03-16:43:34   - the 'Headers' first line's specificateion                                                                                                         
23-06-03-16:43:34   - the width of the first line's items width                                                                                                         
23-06-03-16:43:34  - The Entry-Items alignment is implicitly specifiedby the first line's items: R, L, L, L                                                             
23-06-03-16:43:34 ------------------------------------------------------------------------------------------------------------------------------------------------------
23-06-03-16:43:34 | Nr | Item | Item | Item 3                                                                                                                          
23-06-03-16:43:34 |    |  1   |  2   | (no width limit)                                                                                                                
23-06-03-16:43:34 +----+------+------+----------------------------------------------------------------------------------------------------------------------------------
23-06-03-16:43:34 | 03 | xxxx | yyyyy| Rightmost column without width limit! (this first line implicitly indicated the columns width for being considered by the header)
23-06-03-16:43:34 | 03 | xxxx | yyyy | zzzzzz (note that leading spaces preserved because the first line implicitly indicated left adjusted)
23-06-03-16:43:34 | 03 | xxxx | yyyyy| zzzzzz
23-06-03-16:43:34 =============================================================================
23-06-03-16:43:34 Regression test case 04: Because no 'Headers' are specified the ColsDelimiter
23-06-03-16:43:34 defaults to a single space and the ColsMargin is a vbNullString              
23-06-03-16:43:34 Items alignment (implicit): R, L, C, R                                       
23-06-03-16:43:34 -----------------------------------------------------------------------------
23-06-03-16:43:34  04 xxx                 yyyyyy           zzzzzz
23-06-03-16:43:34  04 xxx                 yyyyyy           zzzzzz 
23-06-03-16:43:34  04 xxx                 yyyyyy           zzzzzz 
23-06-03-16:43:34 ==============================================================================
23-06-03-16:43:34 Regression test case 05:                                                      
23-06-03-16:43:34 - The ColsDelimiter explicitly specifies as a single space                    
23-06-03-16:43:34 - The Header alignments are implicitly: R, C, L, L                            
23-06-03-16:43:34 - The item alignments are implicitly: R, L, C (filled with -), L              
23-06-03-16:43:34 - Leading spaces with left aligned items are preserved by default             
23-06-03-16:43:34 ------------------------------------------------------------------------------
23-06-03-16:43:34  Nr   Item-1            Item-2           Item-3 (no width limit)              
23-06-03-16:43:34  -- ---------- ------------------------- -------------------------------------
23-06-03-16:43:34  05 xxxx       -------- yyyyyy --------- Rightmost column without width limit!
23-06-03-16:43:34  05 xxxx       --------- yyyy ----------          zzzzzz (note that leading spaces preserved because the first line implicitly indicated left adjusted)
23-06-03-16:43:34  05 xxxx       --------- yyyyy --------- zzzzzz
23-06-03-16:43:34 =====================================================================================
23-06-03-16:43:34 Regression test case 06:                                                             
23-06-03-16:43:34 - The ColsDelimiter explicitly specifies as a single space                           
23-06-03-16:43:34 - The Header alignments are explicitly: R, C, L, L                                   
23-06-03-16:43:34 - The item alignments are explicitly: R, L, C (filled with -), L                     
23-06-03-16:43:34 - Leading spaces with left aligned items are preserved by default                    
23-06-03-16:43:34 - The columns width is explicitly specified by the MaxItemsLength method (3,10,25,30)
23-06-03-16:43:34 -------------------------------------------------------------------------------------
23-06-03-16:43:34   Nr   Item-1   Item-2                    Item-3 (no width limit)              
23-06-03-16:43:34  --- ---------- ------------------------- -------------------------------------------
23-06-03-16:43:34   06 xxxx       -------- yyyyyy --------- Rightmost column without width limit!
23-06-03-16:43:34   06 xxxx       --------- yyyy ----------          zzzzzz (note that leading spaces preserved because the first line implicitly indicated left adjusted)
23-06-03-16:43:34   06 xxxx       --------- yyyyy --------- zzzzzz
23-06-03-16:43:34 =========================================================================
23-06-03-16:43:34 Regression test case 07: Alignment items:                                
23-06-03-16:43:34 Column 1: Implicitly Right adjusted                                      
23-06-03-16:43:34 Column 2: Length explicily specified = 20                                
23-06-03-16:43:34           Alignment explicitly specified Left adjusted filled with .....:
23-06-03-16:43:34 Column 3: Implicitly Left adjusted                                       
23-06-03-16:43:34 -------------------------------------------------------------------------
23-06-03-16:43:34   Nr           Item                          Comment               
23-06-03-16:43:34  ---- ----------------------- -------------------------------------------
23-06-03-16:43:34    07 xxxx .................: Rightmost column without width limit!
23-06-03-16:43:34    07 xxxxxxxxxxxxxxxxxxxx .:          zzzzzz (note that leading spaces preserved because the first line implicitly indicated left adjusted)
23-06-03-16:43:34    07 xxxxxxxxx ............: zzzzzz
