23-04-28-21:03:55 |------------------------------ Test: AddLog ------------------------------
23-04-28-21:04:03 | Column-01-Header |   -Column-02-Header-   |     --Column-03-Header--     
23-04-28-21:04:03 |------------------+------------------------+------------------------------
23-04-28-21:04:03 | xxx              | yyyyyy                 | zzzzzz                       
23-04-28-21:04:08 | xxx              | yyyyyy                 | zzzzzz                       
23-04-28-21:04:12 | xxx              | yyyyyy                 | zzzzzz                       
23-04-28-21:04:49 |==========================================================================
23-04-28-21:04:49 |------------------------------ Test: AddLog ------------------------------
23-04-28-21:04:56 | Column-01-Header |   -Column-02-Header-   |     --Column-03-Header--     
23-04-28-21:04:56 |------------------+------------------------+------------------------------
23-04-28-21:04:56 | xxx              | yyyyyy                 | zzzzzz                       
23-04-28-21:05:02 | xxx              | yyyyyy                 | zzzzzz                       
23-04-28-21:05:02 | xxx              | yyyyyy                 | zzzzzz                       
23-04-28-21:06:42 |==========================================================================
23-04-28-21:06:42 |------------------------------ Test: AddLog ------------------------------
23-04-28-21:06:42 | Column-01-Header |   -Column-02-Header-   |     --Column-03-Header--     
23-04-28-21:06:42 |------------------+------------------------+------------------------------
23-04-28-21:06:42 | xxx              | yyyyyy                 | zzzzzz                       
23-04-28-21:06:42 | xxx              | yyyyyy                 | zzzzzz                       
23-04-28-21:06:42 | xxx              | yyyyyy                 | zzzzzz                       
