  Update Outdated Common Components (by CompMan.xlsb) for VBALogService.xlsb 
 --------------------------------------------------------------------------
  Standard-Module mCompManClient .: Common Component up-to-date
  UserForm        fMsg ...........: Common Component up-to-date
  Standard-Module mErH ...........: Common Component up-to-date
  Standard-Module mMsg ...........: Common Component up-to-date
  Standard-Module mTrc ...........: Common Component up-to-date
 ============================================================================
      Export Changed Components (by CompMan.xlsb) for VBALogService.xlsb     
 ----------------------------------------------------------------------------
  Class-Module    clsLog .........: Hosted Raw Common Component code modified
  Class-Module    clsLog .........: Code modified of Hosted Raw Common Component
  Class-Module    clsLog .........: Exported, Revision Number increased, Export File copied to 'Common Components Folder'
  UserForm        fMsg ...........: Modified Used Common Component exported (due revert allert registered!)
  Standard-Module mCompManClient .: Unchanged used Common Component
  Standard-Module mErH ...........: Unchanged used Common Component
  Standard-Module mLogExamples ...: Modified code exported
  Standard-Module mLogTest .......: Modified code exported
  Standard-Module mMsg ...........: Unchanged used Common Component
  Standard-Module mTrc ...........: Unchanged used Common Component
  Workbook        wbServiceLog ...: Unchanged local component
  Worksheet       wsServiceLog ...: Unchanged local component
 ==========================================================================
  Update Outdated Common Components (by CompMan.xlsb) for VBALogService.xlsb 
 --------------------------------------------------------------------------
                                       Common Component up-to-date
                                       Common Component up-to-date
                                       Common Component up-to-date
                                       Common Component up-to-date
                                       Common Component up-to-date
 ==========================================================================
  Update Outdated Common Components (by CompMan.xlsb) for VBALogService.xlsb 
 --------------------------------------------------------------------------
  UserForm        fMsg ...........: Common Component up-to-date
  Standard-Module mCompManClient .: Common Component up-to-date
  Standard-Module mErH ...........: Common Component up-to-date
  Standard-Module mMsg ...........: Common Component up-to-date
  Standard-Module mTrc ...........: Common Component up-to-date
 ==================================================================
  Export Changed Components (by CompMan.xlsb) for VBALogService.xlsb 
 ------------------------------------------------------------------
  UserForm        fMsg ...........: Unchanged used Common Component
  Standard-Module mCompManClient .: Unchanged used Common Component
  Standard-Module mErH ...........: Unchanged used Common Component
  Standard-Module mLogExamples ...: Unchanged local component
  Standard-Module mLogTest .......: Unchanged local component
  Standard-Module mMsg ...........: Unchanged used Common Component
  Standard-Module mTrc ...........: Unchanged used Common Component
  Workbook        wbServiceLog ...: Unchanged local component
  Worksheet       wsServiceLog ...: Unchanged local component
 ==================================================================
    Export Changed Components (by Add-in) for VBALogService.xlsb   
 ------------------------------------------------------------------
  UserForm        fMsg ...........: Unchanged used Common Component
  Standard-Module mCompManClient .: Unchanged used Common Component
  Standard-Module mErH ...........: Unchanged used Common Component
  Standard-Module mLogExamples ...: Unchanged local component
  Standard-Module mLogTest .......: Unchanged local component
  Standard-Module mMsg ...........: Unchanged used Common Component
  Standard-Module mTrc ...........: Unchanged used Common Component
  Workbook        wbServiceLog ...: Unchanged local component
  Worksheet       wsServiceLog ...: Unchanged local component
