  Update Outdated Common Components (by CompMan.xlsb) for VBALogService.xlsb 
 --------------------------------------------------------------------------
  UserForm        fMsg ...........: Common Component is up-to-date
  Standard-Module mCompManClient .: Common Component is up-to-date
  Standard-Module mErH ...........: Common Component is up-to-date
  Standard-Module mMsg ...........: Common Component is up-to-date
  Standard-Module mTrc ...........: Common Component is up-to-date
 ==========================================================================
  Update Outdated Common Components (by CompMan.xlsb) for VBALogService.xlsb 
 --------------------------------------------------------------------------
  UserForm        fMsg ...........: Common Component is up-to-date
  Standard-Module mCompManClient .: Common Component is up-to-date
  Standard-Module mErH ...........: Common Component is up-to-date
  Standard-Module mMsg ...........: Common Component is up-to-date
  Standard-Module mTrc ...........: Common Component is up-to-date
 ==========================================================================
  Update Outdated Common Components (by CompMan.xlsb) for VBALogService.xlsb 
 --------------------------------------------------------------------------
  UserForm        fMsg ...........: Common Component is up-to-date
  Standard-Module mCompManClient .: Common Component is up-to-date
  Standard-Module mErH ...........: Common Component is up-to-date
  Standard-Module mMsg ...........: Common Component is up-to-date
  Standard-Module mTrc ...........: Common Component is up-to-date
 ==========================================================================
  Update Outdated Common Components (by CompMan.xlsb) for VBALogService.xlsb 
 --------------------------------------------------------------------------
  UserForm        fMsg ...........: Common Component is up-to-date
  Standard-Module mCompManClient .: Common Component is up-to-date
  Standard-Module mErH ...........: Common Component is up-to-date
  Standard-Module mMsg ...........: Common Component is up-to-date
  Standard-Module mTrc ...........: Common Component is up-to-date
 ==========================================================================
  Update Outdated Common Components (by CompMan.xlsb) for VBALogService.xlsb 
 --------------------------------------------------------------------------
  UserForm        fMsg ...........: Common Component is up-to-date
  Standard-Module mCompManClient .: Common Component is up-to-date
  Standard-Module mErH ...........: Common Component is up-to-date
  Standard-Module mMsg ...........: Common Component is up-to-date
  Standard-Module mTrc ...........: Common Component is up-to-date
 ==========================================================================
  Update Outdated Common Components (by CompMan.xlsb) for VBALogService.xlsb 
 --------------------------------------------------------------------------
  UserForm        fMsg ...........: Common Component is up-to-date
  Standard-Module mCompManClient .: Common Component is up-to-date
  Standard-Module mErH ...........: Common Component is up-to-date
  Standard-Module mMsg ...........: Common Component is up-to-date
  Standard-Module mTrc ...........: Common Component is up-to-date
 ==========================================================================
  Update Outdated Common Components (by CompMan.xlsb) for VBALogService.xlsb 
 --------------------------------------------------------------------------
  UserForm        fMsg ...........: Common Component up-to-date
  Standard-Module mCompManClient .: Common Component up-to-date
  Standard-Module mErH ...........: Common Component up-to-date
  Standard-Module mMsg ...........: Common Component up-to-date
  Standard-Module mTrc ...........: Common Component up-to-date
 ==========================================================================
  Update Outdated Common Components (by CompMan.xlsb) for VBALogService.xlsb 
 --------------------------------------------------------------------------
  UserForm        fMsg ...........: Common Component up-to-date
  Standard-Module mCompManClient .: Common Component up-to-date
  Standard-Module mErH ...........: Common Component up-to-date
  Standard-Module mMsg ...........: Common Component up-to-date
  Standard-Module mTrc ...........: Common Component up-to-date
 ==========================================================================
  Update Outdated Common Components (by CompMan.xlsb) for VBALogService.xlsb 
 --------------------------------------------------------------------------
  UserForm        fMsg ...........: Common Component up-to-date
  Standard-Module mCompManClient .: Common Component up-to-date
  Standard-Module mErH ...........: Common Component up-to-date
  Standard-Module mMsg ...........: Common Component up-to-date
  Standard-Module mTrc ...........: Common Component up-to-date
 ==========================================================================
  Update Outdated Common Components (by CompMan.xlsb) for VBALogService.xlsb 
 --------------------------------------------------------------------------
  UserForm        fMsg ...........: Common Component up-to-date
  Standard-Module mCompManClient .: Common Component up-to-date
  Standard-Module mErH ...........: Common Component up-to-date
  Standard-Module mMsg ...........: Common Component up-to-date
  Standard-Module mTrc ...........: Common Component up-to-date
 ====================================================================
  Update Outdated Common Components (by Add-in) for VBALogService.xlsb 
 --------------------------------------------------------------------
  UserForm        fMsg ...........: Common Component up-to-date
  Standard-Module mCompManClient .: Common Component up-to-date
  Standard-Module mErH ...........: Common Component up-to-date
  Standard-Module mMsg ...........: Common Component up-to-date
  Standard-Module mTrc ...........: Common Component up-to-date
 ============================================================================
         Export Changed Components (by Add-in) for VBALogService.xlsb        
 ----------------------------------------------------------------------------
  Class-Module    clsLog .........: Hosted Raw Common Component code modified
                                       Code modified of Hosted Raw Common Component
                                       Exported, Revision Number increased, Export File copied to 'Common Components Folder'
  UserForm        fMsg ...........: Unchanged used Common Component
  Standard-Module mCompManClient .: Unchanged used Common Component
  Standard-Module mErH ...........: Unchanged used Common Component
  Standard-Module mLogExamples ...: Unchanged local component
  Standard-Module mLogTest .......: Unchanged local component
  Standard-Module mMsg ...........: Unchanged used Common Component
  Standard-Module mTrc ...........: Unchanged used Common Component
  Workbook        wbServiceLog ...: Unchanged local component
  Worksheet       wsServiceLog ...: Unchanged local component
 ====================================================================
  Update Outdated Common Components (by Add-in) for VBALogService.xlsb 
 --------------------------------------------------------------------
  UserForm        fMsg ...........: Common Component up-to-date
  Standard-Module mCompManClient .: Common Component up-to-date
  Standard-Module mErH ...........: Common Component up-to-date
  Standard-Module mMsg ...........: Common Component up-to-date
  Standard-Module mTrc ...........: Common Component up-to-date
 ============================================================================
         Export Changed Components (by Add-in) for VBALogService.xlsb        
 ----------------------------------------------------------------------------
  Class-Module    clsLog .........: Hosted Raw Common Component code modified
                                       Code modified of Hosted Raw Common Component
                                       Exported, Revision Number increased, Export File copied to 'Common Components Folder'
  UserForm        fMsg ...........: Unchanged used Common Component
  Standard-Module mCompManClient .: Unchanged used Common Component
  Standard-Module mErH ...........: Unchanged used Common Component
  Standard-Module mLogExamples ...: Unchanged local component
  Standard-Module mLogTest .......: Unchanged local component
  Standard-Module mMsg ...........: Unchanged used Common Component
  Standard-Module mTrc ...........: Unchanged used Common Component
  Workbook        wbServiceLog ...: Unchanged local component
  Worksheet       wsServiceLog ...: Unchanged local component
23-06-06-22:56:15 ============================================================================
23-06-06-22:56:15      Export Changed Components (by CompMan.xlsb) for VBALogService.xlsb     
23-06-06-22:56:15 ----------------------------------------------------------------------------
23-06-06-22:56:15  Class-Module    clsLog .........: Hosted Raw Common Component code modified
23-06-06-22:56:15                                       Code modified of Hosted Raw Common Component
23-06-06-22:56:15                                       Exported, Revision Number increased, Export File copied to 'Common Components Folder'
23-06-06-22:56:16  UserForm        fMsg ...........: Unchanged used Common Component
23-06-06-22:56:16  Standard-Module mCompManClient .: Unchanged used Common Component
23-06-06-22:56:16  Standard-Module mErH ...........: Unchanged used Common Component
23-06-06-22:56:16  Standard-Module mLogExamples ...: Unchanged local component
23-06-06-22:56:16  Standard-Module mLogTest .......: Unchanged local component
23-06-06-22:56:16  Standard-Module mMsg ...........: Unchanged used Common Component
23-06-06-22:56:16  Standard-Module mTrc ...........: Unchanged used Common Component
23-06-06-22:56:16  Workbook        wbServiceLog ...: Unchanged local component
23-06-06-22:56:16  Worksheet       wsServiceLog ...: Unchanged local component
23-06-06-22:56:52 ==================================================================
23-06-06-22:56:52  Export Changed Components (by CompMan.xlsb) for VBALogService.xlsb 
23-06-06-22:56:52 ------------------------------------------------------------------
23-06-06-22:56:52  UserForm        fMsg ...........: Unchanged used Common Component
23-06-06-22:56:52  Standard-Module mCompManClient .: Unchanged used Common Component
23-06-06-22:56:52  Standard-Module mErH ...........: Unchanged used Common Component
23-06-06-22:56:52  Standard-Module mLogExamples ...: Unchanged local component
23-06-06-22:56:52  Standard-Module mLogTest .......: Unchanged local component
23-06-06-22:56:52  Standard-Module mMsg ...........: Unchanged used Common Component
23-06-06-22:56:52  Standard-Module mTrc ...........: Unchanged used Common Component
23-06-06-22:56:52  Workbook        wbServiceLog ...: Unchanged local component
23-06-06-22:56:52  Worksheet       wsServiceLog ...: Unchanged local component
23-06-06-22:57:48 ============================================================================
23-06-06-22:57:48      Export Changed Components (by CompMan.xlsb) for VBALogService.xlsb     
23-06-06-22:57:48 ----------------------------------------------------------------------------
23-06-06-22:57:48  Class-Module    clsLog .........: Hosted Raw Common Component code modified
23-06-06-22:57:48                                       Code modified of Hosted Raw Common Component
23-06-06-22:57:48                                       Exported, Revision Number increased, Export File copied to 'Common Components Folder'
23-06-06-22:57:48  UserForm        fMsg ...........: Unchanged used Common Component
23-06-06-22:57:48  Standard-Module mCompManClient .: Unchanged used Common Component
23-06-06-22:57:48  Standard-Module mErH ...........: Unchanged used Common Component
23-06-06-22:57:48  Standard-Module mLogExamples ...: Unchanged local component
23-06-06-22:57:48  Standard-Module mLogTest .......: Unchanged local component
23-06-06-22:57:48  Standard-Module mMsg ...........: Unchanged used Common Component
23-06-06-22:57:48  Standard-Module mTrc ...........: Unchanged used Common Component
23-06-06-22:57:48  Workbook        wbServiceLog ...: Unchanged local component
23-06-06-22:57:48  Worksheet       wsServiceLog ...: Unchanged local component
