23-06-06-22:56:34  Update Outdated Common Components (by CompMan.xlsb) for VBPunusedPublic.xlsb 
23-06-06-22:56:34 ----------------------------------------------------------------------------
23-06-06-22:56:34  UserForm        fMsg ...........: Common Component up-to-date
23-06-06-22:56:34  Standard-Module mCompManClient .: Common Component up-to-date
23-06-06-22:56:34  Standard-Module mErH ...........: Common Component up-to-date
23-06-06-22:56:34  Standard-Module mMsg ...........: Common Component up-to-date
23-06-06-22:56:34  Standard-Module mTrc ...........: Common Component up-to-date
23-06-06-22:57:03 ============================================================================
23-06-06-22:57:03  Update Outdated Common Components (by CompMan.xlsb) for VBPunusedPublic.xlsb 
23-06-06-22:57:03 ----------------------------------------------------------------------------
23-06-06-22:57:03  UserForm        fMsg ...........: Common Component up-to-date
23-06-06-22:57:03  Standard-Module mCompManClient .: Common Component up-to-date
23-06-06-22:57:03  Standard-Module mErH ...........: Common Component up-to-date
23-06-06-22:57:03  Standard-Module mMsg ...........: Common Component up-to-date
23-06-06-22:57:03  Standard-Module mTrc ...........: Common Component up-to-date
23-06-06-22:58:02 ============================================================================
23-06-06-22:58:02  Update Outdated Common Components (by CompMan.xlsb) for VBPunusedPublic.xlsb 
23-06-06-22:58:02 ----------------------------------------------------------------------------
23-06-06-22:58:02  UserForm        fMsg ...........: Common Component up-to-date
23-06-06-22:58:02  Standard-Module mCompManClient .: Common Component up-to-date
23-06-06-22:58:02  Standard-Module mErH ...........: Common Component up-to-date
23-06-06-22:58:02  Standard-Module mMsg ...........: Common Component up-to-date
23-06-06-22:58:02  Standard-Module mTrc ...........: Common Component up-to-date
